This file contains any messages produced by compilers while
running configure, to aid debugging if configure makes a mistake.

It was created by libcharset configure 1.4, which was
generated by GNU Autoconf 2.69.  Invocation command line was

  $ ./configure --disable-option-checking --prefix=/usr/local CFLAGS=-fPIC --disable-dependency-tracking --disable-shared CC=/src/emsdk/emsdk/upstream/emscripten/emcc --cache-file=/dev/null --srcdir=.

## --------- ##
## Platform. ##
## --------- ##

hostname = 9497ada44266
uname -m = x86_64
uname -r = 5.10.104-linuxkit
uname -s = Linux
uname -v = #1 SMP Thu Mar 17 17:08:06 UTC 2022

/usr/bin/uname -p = unknown
/bin/uname -X     = unknown

/bin/arch              = unknown
/usr/bin/arch -k       = unknown
/usr/convex/getsysinfo = unknown
/usr/bin/hostinfo      = unknown
/bin/machine           = unknown
/usr/bin/oslevel       = unknown
/bin/universe          = unknown

PATH: /src/emsdk/emsdk/upstream/emscripten/system/bin
PATH: /src/emsdk/emsdk
PATH: /src/emsdk/emsdk/upstream/emscripten
PATH: /src/emsdk/emsdk/node/14.18.2_64bit/bin
PATH: /src/node_modules/.bin/
PATH: /usr/local/bin
PATH: /usr/local/sbin
PATH: /usr/sbin
PATH: /usr/bin
PATH: /sbin
PATH: /bin
PATH: /src/packages/.artifacts/bin/


## ----------- ##
## Core tests. ##
## ----------- ##

configure:2212: checking whether make sets $(MAKE)
configure:2234: result: yes
configure:2293: checking for gcc
configure:2320: result: /src/emsdk/emsdk/upstream/emscripten/emcc
configure:2549: checking for C compiler version
configure:2558: /src/emsdk/emsdk/upstream/emscripten/emcc --version >&5
emcc (Emscripten gcc/clang-like replacement + linker emulating GNU ld) 2.0.16 (52ed04f424ff0db7d8085c35df3afd7f7b1c9eb7)
Copyright (C) 2014 the Emscripten authors (see AUTHORS.txt)
This is free and open source software under the MIT license.
There is NO warranty; not even for MERCHANTABILITY or FITNESS FOR A PARTICULAR PURPOSE.
  
configure:2569: $? = 0
configure:2558: /src/emsdk/emsdk/upstream/emscripten/emcc -v >&5
emcc (Emscripten gcc/clang-like replacement + linker emulating GNU ld) 2.0.16
clang version 13.0.0 (/b/s/w/ir/cache/git/chromium.googlesource.com-external-github.com-llvm-llvm--project ad8010e598d9aa3747c34ce28aa2ba6de1650bd4)
Target: wasm32-unknown-emscripten
Thread model: posix
InstalledDir: /src/emsdk/emsdk/upstream/bin
configure:2569: $? = 0
configure:2558: /src/emsdk/emsdk/upstream/emscripten/emcc -V >&5
emcc: error: no input files
configure:2569: $? = 1
configure:2558: /src/emsdk/emsdk/upstream/emscripten/emcc -qversion >&5
emcc: error: no input files
configure:2569: $? = 1
configure:2589: checking whether the C compiler works
configure:2611: /src/emsdk/emsdk/upstream/emscripten/emcc -fPIC   conftest.c  >&5
configure:2615: $? = 0
configure:2663: result: yes
configure:2666: checking for C compiler default output file name
configure:2668: result: a.out
configure:2674: checking for suffix of executables
configure:2681: /src/emsdk/emsdk/upstream/emscripten/emcc -o conftest -fPIC   conftest.c  >&5
configure:2685: $? = 0
configure:2707: result: 
configure:2729: checking whether we are cross compiling
configure:2737: /src/emsdk/emsdk/upstream/emscripten/emcc -o conftest -fPIC   conftest.c  >&5
configure:2741: $? = 0
configure:2748: ./conftest
configure:2752: $? = 0
configure:2740: result: no
configure:2745: checking for suffix of object files
configure:2767: /src/emsdk/emsdk/upstream/emscripten/emcc -c -fPIC  conftest.c >&5
configure:2771: $? = 0
configure:2792: result: o
configure:2796: checking whether we are using the GNU C compiler
configure:2815: /src/emsdk/emsdk/upstream/emscripten/emcc -c -fPIC  conftest.c >&5
configure:2815: $? = 0
configure:2824: result: yes
configure:2833: checking whether /src/emsdk/emsdk/upstream/emscripten/emcc accepts -g
configure:2853: /src/emsdk/emsdk/upstream/emscripten/emcc -c -g  conftest.c >&5
configure:2853: $? = 0
configure:2894: result: yes
configure:2911: checking for /src/emsdk/emsdk/upstream/emscripten/emcc option to accept ISO C89
configure:2974: /src/emsdk/emsdk/upstream/emscripten/emcc  -c -fPIC  conftest.c >&5
configure:2974: $? = 0
configure:2987: result: none needed
configure:3012: checking how to run the C preprocessor
configure:3043: /src/emsdk/emsdk/upstream/emscripten/emcc -E  conftest.c
configure:3043: $? = 0
configure:3057: /src/emsdk/emsdk/upstream/emscripten/emcc -E  conftest.c
conftest.c:9:10: fatal error: 'ac_nonexistent.h' file not found
#include <ac_nonexistent.h>
         ^~~~~~~~~~~~~~~~~~
1 error generated.
emcc: error: '/src/emsdk/emsdk/upstream/bin/clang -target wasm32-unknown-emscripten -DEMSCRIPTEN -fignore-exceptions -mllvm -combiner-global-alias-analysis=false -mllvm -enable-emscripten-sjlj -mllvm -disable-lsr -D__EMSCRIPTEN_major__=2 -D__EMSCRIPTEN_minor__=0 -D__EMSCRIPTEN_tiny__=16 -D_LIBCPP_ABI_VERSION=2 -Dunix -D__unix -D__unix__ -flegacy-pass-manager -Werror=implicit-function-declaration -Xclang -iwithsysroot/include/SDL --sysroot=/src/emsdk/emsdk/upstream/emscripten/cache/sysroot -Xclang -iwithsysroot/include/compat -E conftest.c' failed (1)
configure:3057: $? = 1
configure: failed program was:
| /* confdefs.h */
| #define PACKAGE_NAME "libcharset"
| #define PACKAGE_TARNAME "libcharset"
| #define PACKAGE_VERSION "1.4"
| #define PACKAGE_STRING "libcharset 1.4"
| #define PACKAGE_BUGREPORT ""
| #define PACKAGE_URL ""
| /* end confdefs.h.  */
| #include <ac_nonexistent.h>
configure:3082: result: /src/emsdk/emsdk/upstream/emscripten/emcc -E
configure:3102: /src/emsdk/emsdk/upstream/emscripten/emcc -E  conftest.c
configure:3102: $? = 0
configure:3116: /src/emsdk/emsdk/upstream/emscripten/emcc -E  conftest.c
conftest.c:9:10: fatal error: 'ac_nonexistent.h' file not found
#include <ac_nonexistent.h>
         ^~~~~~~~~~~~~~~~~~
1 error generated.
emcc: error: '/src/emsdk/emsdk/upstream/bin/clang -target wasm32-unknown-emscripten -DEMSCRIPTEN -fignore-exceptions -mllvm -combiner-global-alias-analysis=false -mllvm -enable-emscripten-sjlj -mllvm -disable-lsr -D__EMSCRIPTEN_major__=2 -D__EMSCRIPTEN_minor__=0 -D__EMSCRIPTEN_tiny__=16 -D_LIBCPP_ABI_VERSION=2 -Dunix -D__unix -D__unix__ -flegacy-pass-manager -Werror=implicit-function-declaration -Xclang -iwithsysroot/include/SDL --sysroot=/src/emsdk/emsdk/upstream/emscripten/cache/sysroot -Xclang -iwithsysroot/include/compat -E conftest.c' failed (1)
configure:3116: $? = 1
configure: failed program was:
| /* confdefs.h */
| #define PACKAGE_NAME "libcharset"
| #define PACKAGE_TARNAME "libcharset"
| #define PACKAGE_VERSION "1.4"
| #define PACKAGE_STRING "libcharset 1.4"
| #define PACKAGE_BUGREPORT ""
| #define PACKAGE_URL ""
| /* end confdefs.h.  */
| #include <ac_nonexistent.h>
configure:3158: checking for a BSD-compatible install
configure:3226: result: /usr/bin/install -c
configure:3243: checking build system type
configure:3257: result: x86_64-pc-linux-gnu
configure:3277: checking host system type
configure:3290: result: x86_64-pc-linux-gnu
configure:3316: checking for grep that handles long lines and -e
configure:3374: result: /bin/grep
configure:3379: checking for egrep
configure:3441: result: /bin/grep -E
configure:3446: checking for ANSI C header files
configure:3466: /src/emsdk/emsdk/upstream/emscripten/emcc -c -fPIC  conftest.c >&5
configure:3466: $? = 0
configure:3539: /src/emsdk/emsdk/upstream/emscripten/emcc -o conftest -fPIC   conftest.c  >&5
configure:3539: $? = 0
configure:3539: ./conftest
configure:3539: $? = 0
configure:3550: result: yes
configure:3563: checking for sys/types.h
configure:3563: /src/emsdk/emsdk/upstream/emscripten/emcc -c -fPIC  conftest.c >&5
configure:3563: $? = 0
configure:3563: result: yes
configure:3563: checking for sys/stat.h
configure:3563: /src/emsdk/emsdk/upstream/emscripten/emcc -c -fPIC  conftest.c >&5
configure:3563: $? = 0
configure:3563: result: yes
configure:3563: checking for stdlib.h
configure:3563: /src/emsdk/emsdk/upstream/emscripten/emcc -c -fPIC  conftest.c >&5
configure:3563: $? = 0
configure:3563: result: yes
configure:3563: checking for string.h
configure:3563: /src/emsdk/emsdk/upstream/emscripten/emcc -c -fPIC  conftest.c >&5
configure:3563: $? = 0
configure:3563: result: yes
configure:3563: checking for memory.h
configure:3563: /src/emsdk/emsdk/upstream/emscripten/emcc -c -fPIC  conftest.c >&5
configure:3563: $? = 0
configure:3563: result: yes
configure:3563: checking for strings.h
configure:3563: /src/emsdk/emsdk/upstream/emscripten/emcc -c -fPIC  conftest.c >&5
configure:3563: $? = 0
configure:3563: result: yes
configure:3563: checking for inttypes.h
configure:3563: /src/emsdk/emsdk/upstream/emscripten/emcc -c -fPIC  conftest.c >&5
configure:3563: $? = 0
configure:3563: result: yes
configure:3563: checking for stdint.h
configure:3563: /src/emsdk/emsdk/upstream/emscripten/emcc -c -fPIC  conftest.c >&5
configure:3563: $? = 0
configure:3563: result: yes
configure:3563: checking for unistd.h
configure:3563: /src/emsdk/emsdk/upstream/emscripten/emcc -c -fPIC  conftest.c >&5
configure:3563: $? = 0
configure:3563: result: yes
configure:3576: checking minix/config.h usability
configure:3576: /src/emsdk/emsdk/upstream/emscripten/emcc -c -fPIC  conftest.c >&5
conftest.c:52:10: fatal error: 'minix/config.h' file not found
#include <minix/config.h>
         ^~~~~~~~~~~~~~~~
1 error generated.
emcc: error: '/src/emsdk/emsdk/upstream/bin/clang -target wasm32-unknown-emscripten -DEMSCRIPTEN -fignore-exceptions -mllvm -combiner-global-alias-analysis=false -mllvm -enable-emscripten-sjlj -mllvm -disable-lsr -D__EMSCRIPTEN_major__=2 -D__EMSCRIPTEN_minor__=0 -D__EMSCRIPTEN_tiny__=16 -D_LIBCPP_ABI_VERSION=2 -Dunix -D__unix -D__unix__ -flegacy-pass-manager -Werror=implicit-function-declaration -Xclang -iwithsysroot/include/SDL --sysroot=/src/emsdk/emsdk/upstream/emscripten/cache/sysroot -Xclang -iwithsysroot/include/compat -c -fPIC conftest.c -o conftest.o' failed (1)
configure:3576: $? = 1
configure: failed program was:
| /* confdefs.h */
| #define PACKAGE_NAME "libcharset"
| #define PACKAGE_TARNAME "libcharset"
| #define PACKAGE_VERSION "1.4"
| #define PACKAGE_STRING "libcharset 1.4"
| #define PACKAGE_BUGREPORT ""
| #define PACKAGE_URL ""
| #define STDC_HEADERS 1
| #define HAVE_SYS_TYPES_H 1
| #define HAVE_SYS_STAT_H 1
| #define HAVE_STDLIB_H 1
| #define HAVE_STRING_H 1
| #define HAVE_MEMORY_H 1
| #define HAVE_STRINGS_H 1
| #define HAVE_INTTYPES_H 1
| #define HAVE_STDINT_H 1
| #define HAVE_UNISTD_H 1
| /* end confdefs.h.  */
| #include <stdio.h>
| #ifdef HAVE_SYS_TYPES_H
| # include <sys/types.h>
| #endif
| #ifdef HAVE_SYS_STAT_H
| # include <sys/stat.h>
| #endif
| #ifdef STDC_HEADERS
| # include <stdlib.h>
| # include <stddef.h>
| #else
| # ifdef HAVE_STDLIB_H
| #  include <stdlib.h>
| # endif
| #endif
| #ifdef HAVE_STRING_H
| # if !defined STDC_HEADERS && defined HAVE_MEMORY_H
| #  include <memory.h>
| # endif
| # include <string.h>
| #endif
| #ifdef HAVE_STRINGS_H
| # include <strings.h>
| #endif
| #ifdef HAVE_INTTYPES_H
| # include <inttypes.h>
| #endif
| #ifdef HAVE_STDINT_H
| # include <stdint.h>
| #endif
| #ifdef HAVE_UNISTD_H
| # include <unistd.h>
| #endif
| #include <minix/config.h>
configure:3576: result: no
configure:3576: checking minix/config.h presence
configure:3576: /src/emsdk/emsdk/upstream/emscripten/emcc -E  conftest.c
conftest.c:19:10: fatal error: 'minix/config.h' file not found
#include <minix/config.h>
         ^~~~~~~~~~~~~~~~
1 error generated.
emcc: error: '/src/emsdk/emsdk/upstream/bin/clang -target wasm32-unknown-emscripten -DEMSCRIPTEN -fignore-exceptions -mllvm -combiner-global-alias-analysis=false -mllvm -enable-emscripten-sjlj -mllvm -disable-lsr -D__EMSCRIPTEN_major__=2 -D__EMSCRIPTEN_minor__=0 -D__EMSCRIPTEN_tiny__=16 -D_LIBCPP_ABI_VERSION=2 -Dunix -D__unix -D__unix__ -flegacy-pass-manager -Werror=implicit-function-declaration -Xclang -iwithsysroot/include/SDL --sysroot=/src/emsdk/emsdk/upstream/emscripten/cache/sysroot -Xclang -iwithsysroot/include/compat -E conftest.c' failed (1)
configure:3576: $? = 1
configure: failed program was:
| /* confdefs.h */
| #define PACKAGE_NAME "libcharset"
| #define PACKAGE_TARNAME "libcharset"
| #define PACKAGE_VERSION "1.4"
| #define PACKAGE_STRING "libcharset 1.4"
| #define PACKAGE_BUGREPORT ""
| #define PACKAGE_URL ""
| #define STDC_HEADERS 1
| #define HAVE_SYS_TYPES_H 1
| #define HAVE_SYS_STAT_H 1
| #define HAVE_STDLIB_H 1
| #define HAVE_STRING_H 1
| #define HAVE_MEMORY_H 1
| #define HAVE_STRINGS_H 1
| #define HAVE_INTTYPES_H 1
| #define HAVE_STDINT_H 1
| #define HAVE_UNISTD_H 1
| /* end confdefs.h.  */
| #include <minix/config.h>
configure:3576: result: no
configure:3576: checking for minix/config.h
configure:3576: result: no
configure:3597: checking whether it is safe to define __EXTENSIONS__
configure:3615: /src/emsdk/emsdk/upstream/emscripten/emcc -c -fPIC  conftest.c >&5
configure:3615: $? = 0
configure:3622: result: yes
configure:3688: checking how to print strings
configure:3715: result: printf
configure:3736: checking for a sed that does not truncate output
configure:3800: result: /bin/sed
configure:3818: checking for fgrep
configure:3880: result: /bin/grep -F
configure:3915: checking for ld used by /src/emsdk/emsdk/upstream/emscripten/emcc
emcc: error: no input files
configure:3982: result: /src/emsdk/emsdk/upstream/emscripten/emcc
configure:3989: checking if the linker (/src/emsdk/emsdk/upstream/emscripten/emcc) is GNU ld
configure:4004: result: yes
configure:4016: checking for BSD- or MS-compatible name lister (nm)
configure:4070: result: /src/emsdk/emsdk/upstream/bin/llvm-nm
configure:4200: checking the name lister (/src/emsdk/emsdk/upstream/bin/llvm-nm) interface
configure:4207: /src/emsdk/emsdk/upstream/emscripten/emcc -c -fPIC  conftest.c >&5
configure:4210: /src/emsdk/emsdk/upstream/bin/llvm-nm "conftest.o"
configure:4213: output
00000000 D some_variable
configure:4214: result: BSD nm
configure:4217: checking whether ln -s works
configure:4221: result: yes
configure:4229: checking the maximum length of command line arguments
configure:4360: result: 1572864
configure:4408: checking how to convert x86_64-pc-linux-gnu file names to x86_64-pc-linux-gnu format
configure:4448: result: func_convert_file_noop
configure:4455: checking how to convert x86_64-pc-linux-gnu file names to toolchain format
configure:4475: result: func_convert_file_noop
configure:4482: checking for /src/emsdk/emsdk/upstream/emscripten/emcc option to reload object files
configure:4489: result: -r
configure:4563: checking for objdump
configure:4579: found /usr/bin/objdump
configure:4590: result: objdump
configure:4619: checking how to recognize dependent libraries
configure:4819: result: pass_all
configure:4904: checking for dlltool
configure:4934: result: no
configure:4961: checking how to associate runtime and link libraries
configure:4988: result: printf %s\n
configure:5112: checking for archiver @FILE support
configure:5129: /src/emsdk/emsdk/upstream/emscripten/emcc -c -fPIC  conftest.c >&5
configure:5129: $? = 0
configure:5132: /src/emsdk/emsdk/upstream/emscripten/emar cru libconftest.a @conftest.lst >&5
configure:5135: $? = 0
configure:5140: /src/emsdk/emsdk/upstream/emscripten/emar cru libconftest.a @conftest.lst >&5
/src/emsdk/emsdk/upstream/bin/llvm-ar: error: conftest.o: No such file or directory
configure:5143: $? = 1
configure:5142: result: @
configure:5200: checking for strip
configure:5216: found /usr/bin/strip
configure:5227: result: strip
configure:5299: checking for ranlib
configure:5326: result: /src/emsdk/emsdk/upstream/emscripten/emranlib
configure:5403: checking for gawk
configure:5433: result: no
configure:5403: checking for mawk
configure:5419: found /usr/bin/mawk
configure:5430: result: mawk
configure:5470: checking command to parse /src/emsdk/emsdk/upstream/bin/llvm-nm output from /src/emsdk/emsdk/upstream/emscripten/emcc object
configure:5623: /src/emsdk/emsdk/upstream/emscripten/emcc -c -fPIC  conftest.c >&5
configure:5626: $? = 0
configure:5630: /src/emsdk/emsdk/upstream/bin/llvm-nm conftest.o \| sed -n -e 's/^.*[ ]\([BCDEGRST][BCDEGRST]*\)[ ][ ]*\([_A-Za-z][_A-Za-z0-9]*\)$/\1 \2 \2/p' | sed '/ __gnu_lto/d' \> conftest.nm
configure:5633: $? = 0
configure:5699: /src/emsdk/emsdk/upstream/emscripten/emcc -o conftest -fPIC   conftest.c conftstm.o >&5
configure:5702: $? = 0
configure:5740: result: ok
configure:5787: checking for sysroot
configure:5817: result: no
configure:5824: checking for a working dd
configure:5862: result: /bin/dd
configure:5866: checking how to truncate binary pipes
configure:5881: result: /bin/dd bs=4096 count=1
configure:6017: /src/emsdk/emsdk/upstream/emscripten/emcc -c -fPIC  conftest.c >&5
configure:6020: $? = 0
configure:6210: checking for mt
configure:6240: result: no
configure:6260: checking if : is a manifest tool
configure:6266: : '-?'
configure:6274: result: no
configure:6948: checking for dlfcn.h
configure:6948: /src/emsdk/emsdk/upstream/emscripten/emcc -c -fPIC  conftest.c >&5
configure:6948: $? = 0
configure:6948: result: yes
configure:7502: checking for objdir
configure:7517: result: .libs
configure:7781: checking if /src/emsdk/emsdk/upstream/emscripten/emcc supports -fno-rtti -fno-exceptions
configure:7799: /src/emsdk/emsdk/upstream/emscripten/emcc -c -fPIC  -fno-rtti -fno-exceptions conftest.c >&5
configure:7803: $? = 0
configure:7816: result: yes
configure:8174: checking for /src/emsdk/emsdk/upstream/emscripten/emcc option to produce PIC
configure:8181: result: -fPIC -DPIC
configure:8189: checking if /src/emsdk/emsdk/upstream/emscripten/emcc PIC flag -fPIC -DPIC works
configure:8207: /src/emsdk/emsdk/upstream/emscripten/emcc -c -fPIC  -fPIC -DPIC -DPIC conftest.c >&5
configure:8211: $? = 0
configure:8224: result: yes
configure:8253: checking if /src/emsdk/emsdk/upstream/emscripten/emcc static flag -static works
configure:8281: result: yes
configure:8296: checking if /src/emsdk/emsdk/upstream/emscripten/emcc supports -c -o file.o
configure:8317: /src/emsdk/emsdk/upstream/emscripten/emcc -c -fPIC  -o out/conftest2.o conftest.c >&5
configure:8321: $? = 0
configure:8343: result: yes
configure:8351: checking if /src/emsdk/emsdk/upstream/emscripten/emcc supports -c -o file.o
configure:8398: result: yes
configure:8431: checking whether the /src/emsdk/emsdk/upstream/emscripten/emcc linker (/src/emsdk/emsdk/upstream/emscripten/emcc) supports shared libraries
configure:9690: result: yes
configure:9930: checking dynamic linker characteristics
configure:10511: /src/emsdk/emsdk/upstream/emscripten/emcc -o conftest -fPIC   -Wl,-rpath -Wl,/foo conftest.c  >&5
emcc: warning: ignoring unsupported linker flag: `-rpath` [-Wlinkflags]
configure:10511: $? = 0
configure:10748: result: GNU/Linux ld.so
configure:10870: checking how to hardcode library paths into programs
configure:10895: result: immediate
configure:11443: checking whether stripping libraries is possible
configure:11448: result: yes
configure:11483: checking if libtool supports shared libraries
configure:11485: result: yes
configure:11488: checking whether to build shared libraries
configure:11513: result: no
configure:11516: checking whether to build static libraries
configure:11520: result: yes
configure:8372: checking for ld
configure:8500: result: /src/emsdk/emsdk/upstream/emscripten/emcc
configure:8507: checking if the linker (/src/emsdk/emsdk/upstream/emscripten/emcc) is GNU ld
configure:8522: result: yes
configure:8528: checking for shared library path variable
configure:8541: result: LD_LIBRARY_PATH
configure:8546: checking whether to activate relocatable installation
configure:8561: result: no
configure:8735: checking whether the -Werror option is usable
configure:8753: /src/emsdk/emsdk/upstream/emscripten/emcc -c -fPIC -Werror  conftest.c >&5
configure:8753: $? = 0
configure:8762: result: yes
configure:8764: checking for simple visibility declarations
configure:8790: /src/emsdk/emsdk/upstream/emscripten/emcc -c -fPIC -fvisibility=hidden -Werror  conftest.c >&5
configure:8790: $? = 0
configure:8799: result: yes
configure:8817: checking for nl_langinfo and CODESET
configure:8833: /src/emsdk/emsdk/upstream/emscripten/emcc -o conftest -fPIC   conftest.c  >&5
configure:8833: $? = 0
configure:8842: result: yes
configure:8856: checking for unistd.h
configure:8856: result: yes
configure:8875: checking for symlink
configure:8875: /src/emsdk/emsdk/upstream/emscripten/emcc -o conftest -fPIC   conftest.c  >&5
wasm-ld: warning: function signature mismatch: symlink
>>> defined as () -> i32 in /tmp/emscripten_temp_29cdr5j7/conftest_0.o
>>> defined as (i32, i32) -> i32 in /src/emsdk/emsdk/upstream/emscripten/cache/sysroot/lib/wasm32-emscripten/libc.a(symlink.o)
configure:8875: $? = 0
configure:8875: result: yes
configure:8891: checking for working fcntl.h
configure:8999: /src/emsdk/emsdk/upstream/emscripten/emcc -o conftest -fPIC   conftest.c  >&5
conftest.c:57:27: warning: address of array 'constants' will always evaluate to 'true' [-Wpointer-bool-conversion]
            int result = !constants;
                         ~^~~~~~~~~
1 warning generated.
configure:8999: $? = 0
configure:8999: ./conftest
configure:8999: $? = 8
configure: program exited with status 8
configure: failed program was:
| /* confdefs.h */
| #define PACKAGE_NAME "libcharset"
| #define PACKAGE_TARNAME "libcharset"
| #define PACKAGE_VERSION "1.4"
| #define PACKAGE_STRING "libcharset 1.4"
| #define PACKAGE_BUGREPORT ""
| #define PACKAGE_URL ""
| #define STDC_HEADERS 1
| #define HAVE_SYS_TYPES_H 1
| #define HAVE_SYS_STAT_H 1
| #define HAVE_STDLIB_H 1
| #define HAVE_STRING_H 1
| #define HAVE_MEMORY_H 1
| #define HAVE_STRINGS_H 1
| #define HAVE_INTTYPES_H 1
| #define HAVE_STDINT_H 1
| #define HAVE_UNISTD_H 1
| #define __EXTENSIONS__ 1
| #define _ALL_SOURCE 1
| #define _GNU_SOURCE 1
| #define _POSIX_PTHREAD_SEMANTICS 1
| #define _TANDEM_SOURCE 1
| #define HAVE_DLFCN_H 1
| #define LT_OBJDIR ".libs/"
| #define INSTALLPREFIX "/usr/local"
| #define HAVE_VISIBILITY 1
| #define HAVE_LANGINFO_CODESET 1
| #define HAVE_UNISTD_H 1
| #define HAVE_SYMLINK 1
| /* end confdefs.h.  */
| #include <sys/types.h>
|            #include <sys/stat.h>
|            #if HAVE_UNISTD_H
|            # include <unistd.h>
|            #else /* on Windows with MSVC */
|            # include <io.h>
|            # include <stdlib.h>
|            # defined sleep(n) _sleep ((n) * 1000)
|            #endif
|            #include <fcntl.h>
|            #ifndef O_NOATIME
|             #define O_NOATIME 0
|            #endif
|            #ifndef O_NOFOLLOW
|             #define O_NOFOLLOW 0
|            #endif
|            static int const constants[] =
|             {
|               O_CREAT, O_EXCL, O_NOCTTY, O_TRUNC, O_APPEND,
|               O_NONBLOCK, O_SYNC, O_ACCMODE, O_RDONLY, O_RDWR, O_WRONLY
|             };
| 
| int
| main ()
| {
| 
|             int result = !constants;
|             #if HAVE_SYMLINK
|             {
|               static char const sym[] = "conftest.sym";
|               if (symlink ("/dev/null", sym) != 0)
|                 result |= 2;
|               else
|                 {
|                   int fd = open (sym, O_WRONLY | O_NOFOLLOW | O_CREAT, 0);
|                   if (fd >= 0)
|                     {
|                       close (fd);
|                       result |= 4;
|                     }
|                 }
|               if (unlink (sym) != 0 || symlink (".", sym) != 0)
|                 result |= 2;
|               else
|                 {
|                   int fd = open (sym, O_RDONLY | O_NOFOLLOW);
|                   if (fd >= 0)
|                     {
|                       close (fd);
|                       result |= 4;
|                     }
|                 }
|               unlink (sym);
|             }
|             #endif
|             {
|               static char const file[] = "confdefs.h";
|               int fd = open (file, O_RDONLY | O_NOATIME);
|               if (fd < 0)
|                 result |= 8;
|               else
|                 {
|                   struct stat st0;
|                   if (fstat (fd, &st0) != 0)
|                     result |= 16;
|                   else
|                     {
|                       char c;
|                       sleep (1);
|                       if (read (fd, &c, 1) != 1)
|                         result |= 24;
|                       else
|                         {
|                           if (close (fd) != 0)
|                             result |= 32;
|                           else
|                             {
|                               struct stat st1;
|                               if (stat (file, &st1) != 0)
|                                 result |= 40;
|                               else
|                                 if (st0.st_atime != st1.st_atime)
|                                   result |= 64;
|                             }
|                         }
|                     }
|                 }
|             }
|             return result;
|   ;
|   return 0;
| }
configure:9015: result: no
configure:9039: checking whether we are using the GNU C Library >= 2.1 or uClibc
configure:9069: result: no
configure:9077: checking for setlocale
configure:9077: /src/emsdk/emsdk/upstream/emscripten/emcc -o conftest -fPIC   conftest.c  >&5
wasm-ld: warning: function signature mismatch: setlocale
>>> defined as () -> i32 in /tmp/emscripten_temp_b4kokh_k/conftest_0.o
>>> defined as (i32, i32) -> i32 in /src/emsdk/emsdk/upstream/emscripten/cache/sysroot/lib/wasm32-emscripten/libc.a(setlocale.o)
configure:9077: $? = 0
configure:9077: result: yes
configure:9209: creating ./config.status

## ---------------------- ##
## Running config.status. ##
## ---------------------- ##

This file was extended by libcharset config.status 1.4, which was
generated by GNU Autoconf 2.69.  Invocation command line was

  CONFIG_FILES    = 
  CONFIG_HEADERS  = 
  CONFIG_LINKS    = 
  CONFIG_COMMANDS = 
  $ ./config.status 

on 9497ada44266

config.status:1074: creating Makefile
config.status:1074: creating lib/Makefile
config.status:1074: creating include/localcharset.h
config.status:1074: creating include/localcharset.h.inst
config.status:1074: creating config.h
config.status:1263: executing libtool commands

## ---------------- ##
## Cache variables. ##
## ---------------- ##

ac_cv_build=x86_64-pc-linux-gnu
ac_cv_c_compiler_gnu=yes
ac_cv_env_CC_set=set
ac_cv_env_CC_value=/src/emsdk/emsdk/upstream/emscripten/emcc
ac_cv_env_CFLAGS_set=set
ac_cv_env_CFLAGS_value=-fPIC
ac_cv_env_CPPFLAGS_set=
ac_cv_env_CPPFLAGS_value=
ac_cv_env_CPP_set=
ac_cv_env_CPP_value=
ac_cv_env_LDFLAGS_set=
ac_cv_env_LDFLAGS_value=
ac_cv_env_LIBS_set=
ac_cv_env_LIBS_value=
ac_cv_env_LT_SYS_LIBRARY_PATH_set=
ac_cv_env_LT_SYS_LIBRARY_PATH_value=
ac_cv_env_build_alias_set=
ac_cv_env_build_alias_value=
ac_cv_env_host_alias_set=
ac_cv_env_host_alias_value=
ac_cv_env_target_alias_set=
ac_cv_env_target_alias_value=
ac_cv_func_setlocale=yes
ac_cv_func_symlink=yes
ac_cv_gnu_library_2_1=no
ac_cv_header_dlfcn_h=yes
ac_cv_header_inttypes_h=yes
ac_cv_header_memory_h=yes
ac_cv_header_minix_config_h=no
ac_cv_header_stdc=yes
ac_cv_header_stdint_h=yes
ac_cv_header_stdlib_h=yes
ac_cv_header_string_h=yes
ac_cv_header_strings_h=yes
ac_cv_header_sys_stat_h=yes
ac_cv_header_sys_types_h=yes
ac_cv_header_unistd_h=yes
ac_cv_host=x86_64-pc-linux-gnu
ac_cv_objext=o
ac_cv_path_EGREP='/bin/grep -E'
ac_cv_path_FGREP='/bin/grep -F'
ac_cv_path_GREP=/bin/grep
ac_cv_path_SED=/bin/sed
ac_cv_path_install='/usr/bin/install -c'
ac_cv_path_lt_DD=/bin/dd
ac_cv_prog_AWK=mawk
ac_cv_prog_CPP='/src/emsdk/emsdk/upstream/emscripten/emcc -E'
ac_cv_prog_ac_ct_CC=/src/emsdk/emsdk/upstream/emscripten/emcc
ac_cv_prog_ac_ct_OBJDUMP=objdump
ac_cv_prog_ac_ct_RANLIB=/src/emsdk/emsdk/upstream/emscripten/emranlib
ac_cv_prog_ac_ct_STRIP=strip
ac_cv_prog_cc_c89=
ac_cv_prog_cc_g=yes
ac_cv_prog_make_make_set=yes
ac_cv_safe_to_define___extensions__=yes
acl_cv_libpath=LD_LIBRARY_PATH
acl_cv_prog_gnu_ld=yes
acl_cv_shlibpath_var=LD_LIBRARY_PATH
am_cv_langinfo_codeset=yes
gl_cv_cc_vis_werror=yes
gl_cv_cc_visibility=yes
gl_cv_header_working_fcntl_h=no
lt_cv_ar_at_file=@
lt_cv_deplibs_check_method=pass_all
lt_cv_file_magic_cmd='$MAGIC_CMD'
lt_cv_file_magic_test_file=
lt_cv_ld_reload_flag=-r
lt_cv_nm_interface='BSD nm'
lt_cv_objdir=.libs
lt_cv_path_LD=/src/emsdk/emsdk/upstream/emscripten/emcc
lt_cv_path_NM=/src/emsdk/emsdk/upstream/bin/llvm-nm
lt_cv_path_mainfest_tool=no
lt_cv_prog_compiler_c_o=yes
lt_cv_prog_compiler_pic='-fPIC -DPIC'
lt_cv_prog_compiler_pic_works=yes
lt_cv_prog_compiler_rtti_exceptions=yes
lt_cv_prog_compiler_static_works=yes
lt_cv_prog_gnu_ld=yes
lt_cv_sharedlib_from_linklib_cmd='printf %s\n'
lt_cv_shlibpath_overrides_runpath=no
lt_cv_sys_global_symbol_pipe='sed -n -e '\''s/^.*[	 ]\([BCDEGRST][BCDEGRST]*\)[	 ][	 ]*\([_A-Za-z][_A-Za-z0-9]*\)$/\1 \2 \2/p'\'' | sed '\''/ __gnu_lto/d'\'''
lt_cv_sys_global_symbol_to_c_name_address='sed -n -e '\''s/^: \(.*\) .*$/  {"\1", (void *) 0},/p'\'' -e '\''s/^[BCDEGRST][BCDEGRST]* .* \(.*\)$/  {"\1", (void *) \&\1},/p'\'''
lt_cv_sys_global_symbol_to_c_name_address_lib_prefix='sed -n -e '\''s/^: \(.*\) .*$/  {"\1", (void *) 0},/p'\'' -e '\''s/^[BCDEGRST][BCDEGRST]* .* \(lib.*\)$/  {"\1", (void *) \&\1},/p'\'' -e '\''s/^[BCDEGRST][BCDEGRST]* .* \(.*\)$/  {"lib\1", (void *) \&\1},/p'\'''
lt_cv_sys_global_symbol_to_cdecl='sed -n -e '\''s/^T .* \(.*\)$/extern int \1();/p'\'' -e '\''s/^[BCDEGRST][BCDEGRST]* .* \(.*\)$/extern char \1;/p'\'''
lt_cv_sys_global_symbol_to_import=
lt_cv_sys_max_cmd_len=1572864
lt_cv_to_host_file_cmd=func_convert_file_noop
lt_cv_to_tool_file_cmd=func_convert_file_noop
lt_cv_truncate_bin='/bin/dd bs=4096 count=1'

## ----------------- ##
## Output variables. ##
## ----------------- ##

AR='/src/emsdk/emsdk/upstream/emscripten/emar'
AS='as'
AWK='mawk'
CC='/src/emsdk/emsdk/upstream/emscripten/emcc'
CFLAGS='-fPIC'
CFLAG_VISIBILITY='-fvisibility=hidden'
CPP='/src/emsdk/emsdk/upstream/emscripten/emcc -E'
CPPFLAGS=''
DEFS='-DHAVE_CONFIG_H'
DLLTOOL='false'
DSYMUTIL=''
DUMPBIN=''
ECHO_C=''
ECHO_N='-n'
ECHO_T=''
EGREP='/bin/grep -E'
EXEEXT=''
FGREP='/bin/grep -F'
GLIBC21='no'
GREP='/bin/grep'
HAVE_VISIBILITY='1'
INSTALL_DATA='${INSTALL} -m 644'
INSTALL_PROGRAM='${INSTALL}'
INSTALL_PROGRAM_ENV=''
INSTALL_SCRIPT='${INSTALL}'
LD='/src/emsdk/emsdk/upstream/emscripten/emcc'
LDFLAGS=''
LIBOBJS=''
LIBS=''
LIBTOOL='/bin/bash $(top_builddir)/libtool'
LIPO=''
LN_S='ln -s'
LTLIBOBJS=''
LT_SYS_LIBRARY_PATH=''
MANIFEST_TOOL=':'
NM='/src/emsdk/emsdk/upstream/bin/llvm-nm'
NMEDIT=''
OBJDUMP='objdump'
OBJEXT='o'
OTOOL64=''
OTOOL=''
PACKAGE_BUGREPORT=''
PACKAGE_NAME='libcharset'
PACKAGE_STRING='libcharset 1.4'
PACKAGE_TARNAME='libcharset'
PACKAGE_URL=''
PACKAGE_VERSION='1.4'
PATH_SEPARATOR=':'
RANLIB='/src/emsdk/emsdk/upstream/emscripten/emranlib'
RELOCATABLE='no'
RELOCATABLE_BUILD_DIR='$(top_builddir)/'
RELOCATABLE_CONFIG_H_DIR='$(top_builddir)'
RELOCATABLE_LDFLAGS=''
RELOCATABLE_LIBRARY_PATH=''
RELOCATABLE_SRC_DIR='$(top_srcdir)/'
RELOCATABLE_STRIP=':'
RELOCATABLE_VIA_LD_FALSE=''
RELOCATABLE_VIA_LD_TRUE='#'
RELOCATABLE_VIA_WRAPPER_FALSE=''
RELOCATABLE_VIA_WRAPPER_TRUE='#'
SED='/bin/sed'
SET_MAKE=''
SHELL='/bin/bash'
STRIP='strip'
ac_ct_AR=''
ac_ct_CC='/src/emsdk/emsdk/upstream/emscripten/emcc'
ac_ct_DUMPBIN=''
bindir='${exec_prefix}/bin'
build='x86_64-pc-linux-gnu'
build_alias=''
build_cpu='x86_64'
build_os='linux-gnu'
build_vendor='pc'
datadir='${datarootdir}'
datarootdir='${prefix}/share'
docdir='${datarootdir}/doc/${PACKAGE_TARNAME}'
dvidir='${docdir}'
exec_prefix='${prefix}'
host='x86_64-pc-linux-gnu'
host_alias=''
host_cpu='x86_64'
host_os='linux-gnu'
host_vendor='pc'
htmldir='${docdir}'
includedir='${prefix}/include'
infodir='${datarootdir}/info'
libdir='${exec_prefix}/lib'
libexecdir='${exec_prefix}/libexec'
localedir='${datarootdir}/locale'
localstatedir='${prefix}/var'
mandir='${datarootdir}/man'
oldincludedir='/usr/include'
pdfdir='${docdir}'
prefix='/usr/local'
program_transform_name='s,x,x,'
psdir='${docdir}'
sbindir='${exec_prefix}/sbin'
sharedstatedir='${prefix}/com'
sysconfdir='${prefix}/etc'
target_alias=''

## ----------- ##
## confdefs.h. ##
## ----------- ##

/* confdefs.h */
#define PACKAGE_NAME "libcharset"
#define PACKAGE_TARNAME "libcharset"
#define PACKAGE_VERSION "1.4"
#define PACKAGE_STRING "libcharset 1.4"
#define PACKAGE_BUGREPORT ""
#define PACKAGE_URL ""
#define STDC_HEADERS 1
#define HAVE_SYS_TYPES_H 1
#define HAVE_SYS_STAT_H 1
#define HAVE_STDLIB_H 1
#define HAVE_STRING_H 1
#define HAVE_MEMORY_H 1
#define HAVE_STRINGS_H 1
#define HAVE_INTTYPES_H 1
#define HAVE_STDINT_H 1
#define HAVE_UNISTD_H 1
#define __EXTENSIONS__ 1
#define _ALL_SOURCE 1
#define _GNU_SOURCE 1
#define _POSIX_PTHREAD_SEMANTICS 1
#define _TANDEM_SOURCE 1
#define HAVE_DLFCN_H 1
#define LT_OBJDIR ".libs/"
#define INSTALLPREFIX "/usr/local"
#define HAVE_VISIBILITY 1
#define HAVE_LANGINFO_CODESET 1
#define HAVE_UNISTD_H 1
#define HAVE_SYMLINK 1
#define HAVE_WORKING_O_NOATIME 0
#define HAVE_WORKING_O_NOFOLLOW 0
#define HAVE_SETLOCALE 1

configure: exit 0
