Defaulting to user installation because normal site-packages is not writeable
Requirement already satisfied: cython in /usr/local/lib/python3.9/site-packages (0.29.26)
WARNING: You are using pip version 21.1.3; however, version 22.1.1 is available.
You should consider upgrading via the '/usr/local/bin/python -m pip install --upgrade pip' command.
Compiling unthrow.pyx because it changed.
[1/1] Cythonizing unthrow.pyx
running install
running bdist_egg
running egg_info
creating unthrow.egg-info
writing unthrow.egg-info/PKG-INFO
writing dependency_links to unthrow.egg-info/dependency_links.txt
writing top-level names to unthrow.egg-info/top_level.txt
writing manifest file 'unthrow.egg-info/SOURCES.txt'
file unthrow.py (for module unthrow) not found
reading manifest file 'unthrow.egg-info/SOURCES.txt'
writing manifest file 'unthrow.egg-info/SOURCES.txt'
installing library code to build/bdist.linux-x86_64/egg
running install_lib
running build_py
file unthrow.py (for module unthrow) not found
file unthrow.py (for module unthrow) not found
running build_ext
building 'unthrow' extension
creating build
creating build/temp.linux-x86_64-3.9
cc -Wno-unused-result -Wsign-compare -DNDEBUG -g -fwrapv -O3 -Wall -fPIC -I/usr/local/include/python3.9 -c unthrow.c -o build/temp.linux-x86_64-3.9/unthrow.o
creating build/lib.linux-x86_64-3.9
gcc -pthread -shared -Wl,--strip-all build/temp.linux-x86_64-3.9/unthrow.o -L/usr/local/lib -o build/lib.linux-x86_64-3.9/unthrow.cpython-39-x86_64-linux-gnu.so
creating build/bdist.linux-x86_64
creating build/bdist.linux-x86_64/egg
copying build/lib.linux-x86_64-3.9/unthrow.cpython-39-x86_64-linux-gnu.so -> build/bdist.linux-x86_64/egg
creating stub loader for unthrow.cpython-39-x86_64-linux-gnu.so
byte-compiling build/bdist.linux-x86_64/egg/unthrow.py to unthrow.cpython-39.pyc
creating build/bdist.linux-x86_64/egg/EGG-INFO
copying unthrow.egg-info/PKG-INFO -> build/bdist.linux-x86_64/egg/EGG-INFO
copying unthrow.egg-info/SOURCES.txt -> build/bdist.linux-x86_64/egg/EGG-INFO
copying unthrow.egg-info/dependency_links.txt -> build/bdist.linux-x86_64/egg/EGG-INFO
copying unthrow.egg-info/top_level.txt -> build/bdist.linux-x86_64/egg/EGG-INFO
writing build/bdist.linux-x86_64/egg/EGG-INFO/native_libs.txt
zip_safe flag not set; analyzing archive contents...
__pycache__.unthrow.cpython-39: module references __file__
creating dist
creating 'dist/unthrow-0.1-py3.9-linux-x86_64.egg' and adding 'build/bdist.linux-x86_64/egg' to it
removing 'build/bdist.linux-x86_64/egg' (and everything under it)
Processing unthrow-0.1-py3.9-linux-x86_64.egg
creating /src/packages/.artifacts/lib/python/unthrow-0.1-py3.9-linux-x86_64.egg
Extracting unthrow-0.1-py3.9-linux-x86_64.egg to /src/packages/.artifacts/lib/python
Adding unthrow 0.1 to easy-install.pth file

Installed /src/packages/.artifacts/lib/python/unthrow-0.1-py3.9-linux-x86_64.egg
Processing dependencies for unthrow==0.1
Finished processing dependencies for unthrow==0.1
unthrow.c:4518:18: warning: unused function '__pyx_f_7unthrow_get_stack_pos_after' [-Wunused-function]
static PyObject *__pyx_f_7unthrow_get_stack_pos_after(PyObject *__pyx_v_code, int __pyx_v_target) {
                 ^
1 warning generated.
running install
running install_lib
creating install
creating install/lib
creating install/lib/python3.9
creating install/lib/python3.9/site-packages
copying build/lib.linux-x86_64-3.9/unthrow.so -> install/lib/python3.9/site-packages
running install_egg_info
running egg_info
writing unthrow.egg-info/PKG-INFO
writing dependency_links to unthrow.egg-info/dependency_links.txt
writing top-level names to unthrow.egg-info/top_level.txt
file unthrow.py (for module unthrow) not found
reading manifest file 'unthrow.egg-info/SOURCES.txt'
writing manifest file 'unthrow.egg-info/SOURCES.txt'
Copying unthrow.egg-info to install/lib/python3.9/site-packages/unthrow-0.1-py3.9.egg-info
running install_scripts
Remember to build the main file with  -s FORCE_FILESYSTEM=1  so that it includes support for loading this file package
converting to ArrayBuffer
compressing package of size 92572
compressed package into 62115
compressed in 46 ms
(node:54167) [DEP0005] DeprecationWarning: Buffer() is deprecated due to security and usability issues. Please use the Buffer.alloc(), Buffer.allocUnsafe(), or Buffer.from() methods instead.
(Use `node --trace-deprecation ...` to show where the warning was created)
[2022-05-25 15:20:16] Building package unthrow...
[line 1 of 2]
emcc -O2 -g0 -fPIC -Wno-unused-result -Wsign-compare -DNDEBUG -fwrapv -Wall -fPIC -I/src/cpython/installs/python-3.9.5/include/python3.9 -c unthrow.c -o build/temp.linux-x86_64-3.9/unthrow.o
[line 2 of 2]
emcc -O2 -g0 -s MODULARIZE=1 -s LINKABLE=1 -s EXPORT_ALL=1 -s WASM=1 -std=c++14 -s LZ4=1 -L /src/cpython/installs/python-3.9.5/lib/ -s SIDE_MODULE=1 build/temp.linux-x86_64-3.9/unthrow.o -o build/lib.linux-x86_64-3.9/unthrow.cpython-39-x86_64-linux-gnu.so
[2022-05-25 15:20:47] Succeeded building package unthrow in 31.3 seconds.
