running install
/src/packages/setuptools/build/setuptools-60.3.1/setuptools/command/install.py:34: SetuptoolsDeprecationWarning: setup.py install is deprecated. Use build and pip and other standards-based tools.
  warnings.warn(
/src/packages/setuptools/build/setuptools-60.3.1/setuptools/command/easy_install.py:156: EasyInstallDeprecationWarning: easy_install command is deprecated. Use build and pip and other standards-based tools.
  warnings.warn(
running bdist_egg
running egg_info
package init file 'pkg_resources/tests/data/__init__.py' not found (or not a regular file)
package init file 'pkg_resources/tests/data/my-test-package-source/__init__.py' not found (or not a regular file)
package init file 'pkg_resources/tests/data/my-test-package-zip/__init__.py' not found (or not a regular file)
package init file 'pkg_resources/tests/data/my-test-package_unpacked-egg/__init__.py' not found (or not a regular file)
package init file 'pkg_resources/tests/data/my-test-package_zipped-egg/__init__.py' not found (or not a regular file)
package init file 'setuptools/tests/indexes/__init__.py' not found (or not a regular file)
package init file 'setuptools/tests/indexes/test_links_priority/__init__.py' not found (or not a regular file)
package init file 'setuptools/tests/indexes/test_links_priority/simple/__init__.py' not found (or not a regular file)
package init file 'setuptools/tests/indexes/test_links_priority/simple/foobar/__init__.py' not found (or not a regular file)
warning: no files found matching '*.py' under directory 'tests'
warning: no files found matching '*.txt' under directory 'docs'
warning: no files found matching '*.conf' under directory 'docs'
warning: no files found matching '*.css' under directory 'docs'
warning: no files found matching '*.css_t' under directory 'docs'
warning: no files found matching 'Makefile' under directory 'docs'
warning: no files found matching 'indexsidebar.html' under directory 'docs'
writing manifest file 'setuptools.egg-info/SOURCES.txt'
running install_lib
running build_py
creating build
creating build/lib
creating build/lib/_distutils_hack
copying _distutils_hack/__init__.py -> build/lib/_distutils_hack
copying _distutils_hack/override.py -> build/lib/_distutils_hack
creating build/lib/pkg_resources
copying pkg_resources/__init__.py -> build/lib/pkg_resources
creating build/lib/setuptools
copying setuptools/__init__.py -> build/lib/setuptools
copying setuptools/_deprecation_warning.py -> build/lib/setuptools
copying setuptools/_imp.py -> build/lib/setuptools
copying setuptools/archive_util.py -> build/lib/setuptools
copying setuptools/build_meta.py -> build/lib/setuptools
copying setuptools/config.py -> build/lib/setuptools
copying setuptools/dep_util.py -> build/lib/setuptools
copying setuptools/depends.py -> build/lib/setuptools
copying setuptools/dist.py -> build/lib/setuptools
copying setuptools/errors.py -> build/lib/setuptools
copying setuptools/extension.py -> build/lib/setuptools
copying setuptools/glob.py -> build/lib/setuptools
copying setuptools/installer.py -> build/lib/setuptools
copying setuptools/launch.py -> build/lib/setuptools
copying setuptools/logging.py -> build/lib/setuptools
copying setuptools/monkey.py -> build/lib/setuptools
copying setuptools/msvc.py -> build/lib/setuptools
copying setuptools/namespaces.py -> build/lib/setuptools
copying setuptools/package_index.py -> build/lib/setuptools
copying setuptools/py34compat.py -> build/lib/setuptools
copying setuptools/sandbox.py -> build/lib/setuptools
copying setuptools/unicode_utils.py -> build/lib/setuptools
copying setuptools/version.py -> build/lib/setuptools
copying setuptools/wheel.py -> build/lib/setuptools
copying setuptools/windows_support.py -> build/lib/setuptools
creating build/lib/pkg_resources/_vendor
copying pkg_resources/_vendor/__init__.py -> build/lib/pkg_resources/_vendor
copying pkg_resources/_vendor/appdirs.py -> build/lib/pkg_resources/_vendor
copying pkg_resources/_vendor/pyparsing.py -> build/lib/pkg_resources/_vendor
creating build/lib/pkg_resources/extern
copying pkg_resources/extern/__init__.py -> build/lib/pkg_resources/extern
creating build/lib/pkg_resources/_vendor/packaging
copying pkg_resources/_vendor/packaging/__about__.py -> build/lib/pkg_resources/_vendor/packaging
copying pkg_resources/_vendor/packaging/__init__.py -> build/lib/pkg_resources/_vendor/packaging
copying pkg_resources/_vendor/packaging/_manylinux.py -> build/lib/pkg_resources/_vendor/packaging
copying pkg_resources/_vendor/packaging/_musllinux.py -> build/lib/pkg_resources/_vendor/packaging
copying pkg_resources/_vendor/packaging/_structures.py -> build/lib/pkg_resources/_vendor/packaging
copying pkg_resources/_vendor/packaging/markers.py -> build/lib/pkg_resources/_vendor/packaging
copying pkg_resources/_vendor/packaging/requirements.py -> build/lib/pkg_resources/_vendor/packaging
copying pkg_resources/_vendor/packaging/specifiers.py -> build/lib/pkg_resources/_vendor/packaging
copying pkg_resources/_vendor/packaging/tags.py -> build/lib/pkg_resources/_vendor/packaging
copying pkg_resources/_vendor/packaging/utils.py -> build/lib/pkg_resources/_vendor/packaging
copying pkg_resources/_vendor/packaging/version.py -> build/lib/pkg_resources/_vendor/packaging
creating build/lib/pkg_resources/tests
creating build/lib/pkg_resources/tests/data
creating build/lib/pkg_resources/tests/data/my-test-package-source
copying pkg_resources/tests/data/my-test-package-source/setup.py -> build/lib/pkg_resources/tests/data/my-test-package-source
creating build/lib/setuptools/_distutils
copying setuptools/_distutils/__init__.py -> build/lib/setuptools/_distutils
copying setuptools/_distutils/_collections.py -> build/lib/setuptools/_distutils
copying setuptools/_distutils/_msvccompiler.py -> build/lib/setuptools/_distutils
copying setuptools/_distutils/archive_util.py -> build/lib/setuptools/_distutils
copying setuptools/_distutils/bcppcompiler.py -> build/lib/setuptools/_distutils
copying setuptools/_distutils/ccompiler.py -> build/lib/setuptools/_distutils
copying setuptools/_distutils/cmd.py -> build/lib/setuptools/_distutils
copying setuptools/_distutils/config.py -> build/lib/setuptools/_distutils
copying setuptools/_distutils/core.py -> build/lib/setuptools/_distutils
copying setuptools/_distutils/cygwinccompiler.py -> build/lib/setuptools/_distutils
copying setuptools/_distutils/debug.py -> build/lib/setuptools/_distutils
copying setuptools/_distutils/dep_util.py -> build/lib/setuptools/_distutils
copying setuptools/_distutils/dir_util.py -> build/lib/setuptools/_distutils
copying setuptools/_distutils/dist.py -> build/lib/setuptools/_distutils
copying setuptools/_distutils/errors.py -> build/lib/setuptools/_distutils
copying setuptools/_distutils/extension.py -> build/lib/setuptools/_distutils
copying setuptools/_distutils/fancy_getopt.py -> build/lib/setuptools/_distutils
copying setuptools/_distutils/file_util.py -> build/lib/setuptools/_distutils
copying setuptools/_distutils/filelist.py -> build/lib/setuptools/_distutils
copying setuptools/_distutils/log.py -> build/lib/setuptools/_distutils
copying setuptools/_distutils/msvc9compiler.py -> build/lib/setuptools/_distutils
copying setuptools/_distutils/msvccompiler.py -> build/lib/setuptools/_distutils
copying setuptools/_distutils/py35compat.py -> build/lib/setuptools/_distutils
copying setuptools/_distutils/py38compat.py -> build/lib/setuptools/_distutils
copying setuptools/_distutils/spawn.py -> build/lib/setuptools/_distutils
copying setuptools/_distutils/sysconfig.py -> build/lib/setuptools/_distutils
copying setuptools/_distutils/text_file.py -> build/lib/setuptools/_distutils
copying setuptools/_distutils/unixccompiler.py -> build/lib/setuptools/_distutils
copying setuptools/_distutils/util.py -> build/lib/setuptools/_distutils
copying setuptools/_distutils/version.py -> build/lib/setuptools/_distutils
copying setuptools/_distutils/versionpredicate.py -> build/lib/setuptools/_distutils
creating build/lib/setuptools/_vendor
copying setuptools/_vendor/__init__.py -> build/lib/setuptools/_vendor
copying setuptools/_vendor/ordered_set.py -> build/lib/setuptools/_vendor
copying setuptools/_vendor/pyparsing.py -> build/lib/setuptools/_vendor
creating build/lib/setuptools/command
copying setuptools/command/__init__.py -> build/lib/setuptools/command
copying setuptools/command/alias.py -> build/lib/setuptools/command
copying setuptools/command/bdist_egg.py -> build/lib/setuptools/command
copying setuptools/command/bdist_rpm.py -> build/lib/setuptools/command
copying setuptools/command/build_clib.py -> build/lib/setuptools/command
copying setuptools/command/build_ext.py -> build/lib/setuptools/command
copying setuptools/command/build_py.py -> build/lib/setuptools/command
copying setuptools/command/develop.py -> build/lib/setuptools/command
copying setuptools/command/dist_info.py -> build/lib/setuptools/command
copying setuptools/command/easy_install.py -> build/lib/setuptools/command
copying setuptools/command/egg_info.py -> build/lib/setuptools/command
copying setuptools/command/install.py -> build/lib/setuptools/command
copying setuptools/command/install_egg_info.py -> build/lib/setuptools/command
copying setuptools/command/install_lib.py -> build/lib/setuptools/command
copying setuptools/command/install_scripts.py -> build/lib/setuptools/command
copying setuptools/command/py36compat.py -> build/lib/setuptools/command
copying setuptools/command/register.py -> build/lib/setuptools/command
copying setuptools/command/rotate.py -> build/lib/setuptools/command
copying setuptools/command/saveopts.py -> build/lib/setuptools/command
copying setuptools/command/sdist.py -> build/lib/setuptools/command
copying setuptools/command/setopt.py -> build/lib/setuptools/command
copying setuptools/command/test.py -> build/lib/setuptools/command
copying setuptools/command/upload.py -> build/lib/setuptools/command
copying setuptools/command/upload_docs.py -> build/lib/setuptools/command
creating build/lib/setuptools/extern
copying setuptools/extern/__init__.py -> build/lib/setuptools/extern
creating build/lib/setuptools/_distutils/command
copying setuptools/_distutils/command/__init__.py -> build/lib/setuptools/_distutils/command
copying setuptools/_distutils/command/bdist.py -> build/lib/setuptools/_distutils/command
copying setuptools/_distutils/command/bdist_dumb.py -> build/lib/setuptools/_distutils/command
copying setuptools/_distutils/command/bdist_msi.py -> build/lib/setuptools/_distutils/command
copying setuptools/_distutils/command/bdist_rpm.py -> build/lib/setuptools/_distutils/command
copying setuptools/_distutils/command/bdist_wininst.py -> build/lib/setuptools/_distutils/command
copying setuptools/_distutils/command/build.py -> build/lib/setuptools/_distutils/command
copying setuptools/_distutils/command/build_clib.py -> build/lib/setuptools/_distutils/command
copying setuptools/_distutils/command/build_ext.py -> build/lib/setuptools/_distutils/command
copying setuptools/_distutils/command/build_py.py -> build/lib/setuptools/_distutils/command
copying setuptools/_distutils/command/build_scripts.py -> build/lib/setuptools/_distutils/command
copying setuptools/_distutils/command/check.py -> build/lib/setuptools/_distutils/command
copying setuptools/_distutils/command/clean.py -> build/lib/setuptools/_distutils/command
copying setuptools/_distutils/command/config.py -> build/lib/setuptools/_distutils/command
copying setuptools/_distutils/command/install.py -> build/lib/setuptools/_distutils/command
copying setuptools/_distutils/command/install_data.py -> build/lib/setuptools/_distutils/command
copying setuptools/_distutils/command/install_egg_info.py -> build/lib/setuptools/_distutils/command
copying setuptools/_distutils/command/install_headers.py -> build/lib/setuptools/_distutils/command
copying setuptools/_distutils/command/install_lib.py -> build/lib/setuptools/_distutils/command
copying setuptools/_distutils/command/install_scripts.py -> build/lib/setuptools/_distutils/command
copying setuptools/_distutils/command/py37compat.py -> build/lib/setuptools/_distutils/command
copying setuptools/_distutils/command/register.py -> build/lib/setuptools/_distutils/command
copying setuptools/_distutils/command/sdist.py -> build/lib/setuptools/_distutils/command
copying setuptools/_distutils/command/upload.py -> build/lib/setuptools/_distutils/command
creating build/lib/setuptools/_vendor/more_itertools
copying setuptools/_vendor/more_itertools/__init__.py -> build/lib/setuptools/_vendor/more_itertools
copying setuptools/_vendor/more_itertools/more.py -> build/lib/setuptools/_vendor/more_itertools
copying setuptools/_vendor/more_itertools/recipes.py -> build/lib/setuptools/_vendor/more_itertools
creating build/lib/setuptools/_vendor/packaging
copying setuptools/_vendor/packaging/__about__.py -> build/lib/setuptools/_vendor/packaging
copying setuptools/_vendor/packaging/__init__.py -> build/lib/setuptools/_vendor/packaging
copying setuptools/_vendor/packaging/_manylinux.py -> build/lib/setuptools/_vendor/packaging
copying setuptools/_vendor/packaging/_musllinux.py -> build/lib/setuptools/_vendor/packaging
copying setuptools/_vendor/packaging/_structures.py -> build/lib/setuptools/_vendor/packaging
copying setuptools/_vendor/packaging/markers.py -> build/lib/setuptools/_vendor/packaging
copying setuptools/_vendor/packaging/requirements.py -> build/lib/setuptools/_vendor/packaging
copying setuptools/_vendor/packaging/specifiers.py -> build/lib/setuptools/_vendor/packaging
copying setuptools/_vendor/packaging/tags.py -> build/lib/setuptools/_vendor/packaging
copying setuptools/_vendor/packaging/utils.py -> build/lib/setuptools/_vendor/packaging
copying setuptools/_vendor/packaging/version.py -> build/lib/setuptools/_vendor/packaging
copying setuptools/script (dev).tmpl -> build/lib/setuptools
copying setuptools/script.tmpl -> build/lib/setuptools
copying setuptools/cli-32.exe -> build/lib/setuptools
copying setuptools/cli-64.exe -> build/lib/setuptools
copying setuptools/cli-arm64.exe -> build/lib/setuptools
copying setuptools/cli.exe -> build/lib/setuptools
copying setuptools/gui-32.exe -> build/lib/setuptools
copying setuptools/gui-64.exe -> build/lib/setuptools
copying setuptools/gui-arm64.exe -> build/lib/setuptools
copying setuptools/gui.exe -> build/lib/setuptools
copying setuptools/command/launcher manifest.xml -> build/lib/setuptools/command
creating build/bdist.linux-x86_64
creating build/bdist.linux-x86_64/egg
creating build/bdist.linux-x86_64/egg/_distutils_hack
creating build/bdist.linux-x86_64/egg/pkg_resources
creating build/bdist.linux-x86_64/egg/pkg_resources/_vendor
creating build/bdist.linux-x86_64/egg/pkg_resources/_vendor/packaging
creating build/bdist.linux-x86_64/egg/pkg_resources/extern
creating build/bdist.linux-x86_64/egg/pkg_resources/tests
creating build/bdist.linux-x86_64/egg/pkg_resources/tests/data
creating build/bdist.linux-x86_64/egg/pkg_resources/tests/data/my-test-package-source
creating build/bdist.linux-x86_64/egg/setuptools
creating build/bdist.linux-x86_64/egg/setuptools/_distutils
creating build/bdist.linux-x86_64/egg/setuptools/_distutils/command
creating build/bdist.linux-x86_64/egg/setuptools/_vendor
creating build/bdist.linux-x86_64/egg/setuptools/_vendor/more_itertools
creating build/bdist.linux-x86_64/egg/setuptools/_vendor/packaging
creating build/bdist.linux-x86_64/egg/setuptools/command
creating build/bdist.linux-x86_64/egg/setuptools/extern
byte-compiling build/bdist.linux-x86_64/egg/_distutils_hack/__init__.py to __init__.cpython-39.pyc
byte-compiling build/bdist.linux-x86_64/egg/_distutils_hack/override.py to override.cpython-39.pyc
byte-compiling build/bdist.linux-x86_64/egg/pkg_resources/__init__.py to __init__.cpython-39.pyc
byte-compiling build/bdist.linux-x86_64/egg/pkg_resources/_vendor/__init__.py to __init__.cpython-39.pyc
byte-compiling build/bdist.linux-x86_64/egg/pkg_resources/_vendor/appdirs.py to appdirs.cpython-39.pyc
byte-compiling build/bdist.linux-x86_64/egg/pkg_resources/_vendor/packaging/__about__.py to __about__.cpython-39.pyc
byte-compiling build/bdist.linux-x86_64/egg/pkg_resources/_vendor/packaging/__init__.py to __init__.cpython-39.pyc
byte-compiling build/bdist.linux-x86_64/egg/pkg_resources/_vendor/packaging/_manylinux.py to _manylinux.cpython-39.pyc
byte-compiling build/bdist.linux-x86_64/egg/pkg_resources/_vendor/packaging/_musllinux.py to _musllinux.cpython-39.pyc
byte-compiling build/bdist.linux-x86_64/egg/pkg_resources/_vendor/packaging/_structures.py to _structures.cpython-39.pyc
byte-compiling build/bdist.linux-x86_64/egg/pkg_resources/_vendor/packaging/markers.py to markers.cpython-39.pyc
byte-compiling build/bdist.linux-x86_64/egg/pkg_resources/_vendor/packaging/requirements.py to requirements.cpython-39.pyc
byte-compiling build/bdist.linux-x86_64/egg/pkg_resources/_vendor/packaging/specifiers.py to specifiers.cpython-39.pyc
byte-compiling build/bdist.linux-x86_64/egg/pkg_resources/_vendor/packaging/tags.py to tags.cpython-39.pyc
byte-compiling build/bdist.linux-x86_64/egg/pkg_resources/_vendor/packaging/utils.py to utils.cpython-39.pyc
byte-compiling build/bdist.linux-x86_64/egg/pkg_resources/_vendor/packaging/version.py to version.cpython-39.pyc
byte-compiling build/bdist.linux-x86_64/egg/pkg_resources/_vendor/pyparsing.py to pyparsing.cpython-39.pyc
byte-compiling build/bdist.linux-x86_64/egg/pkg_resources/extern/__init__.py to __init__.cpython-39.pyc
byte-compiling build/bdist.linux-x86_64/egg/pkg_resources/tests/data/my-test-package-source/setup.py to setup.cpython-39.pyc
byte-compiling build/bdist.linux-x86_64/egg/setuptools/__init__.py to __init__.cpython-39.pyc
byte-compiling build/bdist.linux-x86_64/egg/setuptools/_deprecation_warning.py to _deprecation_warning.cpython-39.pyc
byte-compiling build/bdist.linux-x86_64/egg/setuptools/_distutils/__init__.py to __init__.cpython-39.pyc
byte-compiling build/bdist.linux-x86_64/egg/setuptools/_distutils/_collections.py to _collections.cpython-39.pyc
byte-compiling build/bdist.linux-x86_64/egg/setuptools/_distutils/_msvccompiler.py to _msvccompiler.cpython-39.pyc
byte-compiling build/bdist.linux-x86_64/egg/setuptools/_distutils/archive_util.py to archive_util.cpython-39.pyc
byte-compiling build/bdist.linux-x86_64/egg/setuptools/_distutils/bcppcompiler.py to bcppcompiler.cpython-39.pyc
byte-compiling build/bdist.linux-x86_64/egg/setuptools/_distutils/ccompiler.py to ccompiler.cpython-39.pyc
byte-compiling build/bdist.linux-x86_64/egg/setuptools/_distutils/cmd.py to cmd.cpython-39.pyc
byte-compiling build/bdist.linux-x86_64/egg/setuptools/_distutils/command/__init__.py to __init__.cpython-39.pyc
byte-compiling build/bdist.linux-x86_64/egg/setuptools/_distutils/command/bdist.py to bdist.cpython-39.pyc
byte-compiling build/bdist.linux-x86_64/egg/setuptools/_distutils/command/bdist_dumb.py to bdist_dumb.cpython-39.pyc
byte-compiling build/bdist.linux-x86_64/egg/setuptools/_distutils/command/bdist_msi.py to bdist_msi.cpython-39.pyc
byte-compiling build/bdist.linux-x86_64/egg/setuptools/_distutils/command/bdist_rpm.py to bdist_rpm.cpython-39.pyc
byte-compiling build/bdist.linux-x86_64/egg/setuptools/_distutils/command/bdist_wininst.py to bdist_wininst.cpython-39.pyc
byte-compiling build/bdist.linux-x86_64/egg/setuptools/_distutils/command/build.py to build.cpython-39.pyc
byte-compiling build/bdist.linux-x86_64/egg/setuptools/_distutils/command/build_clib.py to build_clib.cpython-39.pyc
byte-compiling build/bdist.linux-x86_64/egg/setuptools/_distutils/command/build_ext.py to build_ext.cpython-39.pyc
byte-compiling build/bdist.linux-x86_64/egg/setuptools/_distutils/command/build_py.py to build_py.cpython-39.pyc
byte-compiling build/bdist.linux-x86_64/egg/setuptools/_distutils/command/build_scripts.py to build_scripts.cpython-39.pyc
byte-compiling build/bdist.linux-x86_64/egg/setuptools/_distutils/command/check.py to check.cpython-39.pyc
byte-compiling build/bdist.linux-x86_64/egg/setuptools/_distutils/command/clean.py to clean.cpython-39.pyc
byte-compiling build/bdist.linux-x86_64/egg/setuptools/_distutils/command/config.py to config.cpython-39.pyc
byte-compiling build/bdist.linux-x86_64/egg/setuptools/_distutils/command/install.py to install.cpython-39.pyc
byte-compiling build/bdist.linux-x86_64/egg/setuptools/_distutils/command/install_data.py to install_data.cpython-39.pyc
byte-compiling build/bdist.linux-x86_64/egg/setuptools/_distutils/command/install_egg_info.py to install_egg_info.cpython-39.pyc
byte-compiling build/bdist.linux-x86_64/egg/setuptools/_distutils/command/install_headers.py to install_headers.cpython-39.pyc
byte-compiling build/bdist.linux-x86_64/egg/setuptools/_distutils/command/install_lib.py to install_lib.cpython-39.pyc
byte-compiling build/bdist.linux-x86_64/egg/setuptools/_distutils/command/install_scripts.py to install_scripts.cpython-39.pyc
byte-compiling build/bdist.linux-x86_64/egg/setuptools/_distutils/command/py37compat.py to py37compat.cpython-39.pyc
byte-compiling build/bdist.linux-x86_64/egg/setuptools/_distutils/command/register.py to register.cpython-39.pyc
byte-compiling build/bdist.linux-x86_64/egg/setuptools/_distutils/command/sdist.py to sdist.cpython-39.pyc
byte-compiling build/bdist.linux-x86_64/egg/setuptools/_distutils/command/upload.py to upload.cpython-39.pyc
byte-compiling build/bdist.linux-x86_64/egg/setuptools/_distutils/config.py to config.cpython-39.pyc
byte-compiling build/bdist.linux-x86_64/egg/setuptools/_distutils/core.py to core.cpython-39.pyc
byte-compiling build/bdist.linux-x86_64/egg/setuptools/_distutils/cygwinccompiler.py to cygwinccompiler.cpython-39.pyc
byte-compiling build/bdist.linux-x86_64/egg/setuptools/_distutils/debug.py to debug.cpython-39.pyc
byte-compiling build/bdist.linux-x86_64/egg/setuptools/_distutils/dep_util.py to dep_util.cpython-39.pyc
byte-compiling build/bdist.linux-x86_64/egg/setuptools/_distutils/dir_util.py to dir_util.cpython-39.pyc
byte-compiling build/bdist.linux-x86_64/egg/setuptools/_distutils/dist.py to dist.cpython-39.pyc
byte-compiling build/bdist.linux-x86_64/egg/setuptools/_distutils/errors.py to errors.cpython-39.pyc
byte-compiling build/bdist.linux-x86_64/egg/setuptools/_distutils/extension.py to extension.cpython-39.pyc
byte-compiling build/bdist.linux-x86_64/egg/setuptools/_distutils/fancy_getopt.py to fancy_getopt.cpython-39.pyc
byte-compiling build/bdist.linux-x86_64/egg/setuptools/_distutils/file_util.py to file_util.cpython-39.pyc
byte-compiling build/bdist.linux-x86_64/egg/setuptools/_distutils/filelist.py to filelist.cpython-39.pyc
byte-compiling build/bdist.linux-x86_64/egg/setuptools/_distutils/log.py to log.cpython-39.pyc
byte-compiling build/bdist.linux-x86_64/egg/setuptools/_distutils/msvc9compiler.py to msvc9compiler.cpython-39.pyc
byte-compiling build/bdist.linux-x86_64/egg/setuptools/_distutils/msvccompiler.py to msvccompiler.cpython-39.pyc
byte-compiling build/bdist.linux-x86_64/egg/setuptools/_distutils/py35compat.py to py35compat.cpython-39.pyc
byte-compiling build/bdist.linux-x86_64/egg/setuptools/_distutils/py38compat.py to py38compat.cpython-39.pyc
byte-compiling build/bdist.linux-x86_64/egg/setuptools/_distutils/spawn.py to spawn.cpython-39.pyc
byte-compiling build/bdist.linux-x86_64/egg/setuptools/_distutils/sysconfig.py to sysconfig.cpython-39.pyc
byte-compiling build/bdist.linux-x86_64/egg/setuptools/_distutils/text_file.py to text_file.cpython-39.pyc
byte-compiling build/bdist.linux-x86_64/egg/setuptools/_distutils/unixccompiler.py to unixccompiler.cpython-39.pyc
byte-compiling build/bdist.linux-x86_64/egg/setuptools/_distutils/util.py to util.cpython-39.pyc
byte-compiling build/bdist.linux-x86_64/egg/setuptools/_distutils/version.py to version.cpython-39.pyc
byte-compiling build/bdist.linux-x86_64/egg/setuptools/_distutils/versionpredicate.py to versionpredicate.cpython-39.pyc
byte-compiling build/bdist.linux-x86_64/egg/setuptools/_imp.py to _imp.cpython-39.pyc
byte-compiling build/bdist.linux-x86_64/egg/setuptools/_vendor/__init__.py to __init__.cpython-39.pyc
byte-compiling build/bdist.linux-x86_64/egg/setuptools/_vendor/more_itertools/__init__.py to __init__.cpython-39.pyc
byte-compiling build/bdist.linux-x86_64/egg/setuptools/_vendor/more_itertools/more.py to more.cpython-39.pyc
byte-compiling build/bdist.linux-x86_64/egg/setuptools/_vendor/more_itertools/recipes.py to recipes.cpython-39.pyc
byte-compiling build/bdist.linux-x86_64/egg/setuptools/_vendor/ordered_set.py to ordered_set.cpython-39.pyc
byte-compiling build/bdist.linux-x86_64/egg/setuptools/_vendor/packaging/__about__.py to __about__.cpython-39.pyc
byte-compiling build/bdist.linux-x86_64/egg/setuptools/_vendor/packaging/__init__.py to __init__.cpython-39.pyc
byte-compiling build/bdist.linux-x86_64/egg/setuptools/_vendor/packaging/_manylinux.py to _manylinux.cpython-39.pyc
byte-compiling build/bdist.linux-x86_64/egg/setuptools/_vendor/packaging/_musllinux.py to _musllinux.cpython-39.pyc
byte-compiling build/bdist.linux-x86_64/egg/setuptools/_vendor/packaging/_structures.py to _structures.cpython-39.pyc
byte-compiling build/bdist.linux-x86_64/egg/setuptools/_vendor/packaging/markers.py to markers.cpython-39.pyc
byte-compiling build/bdist.linux-x86_64/egg/setuptools/_vendor/packaging/requirements.py to requirements.cpython-39.pyc
byte-compiling build/bdist.linux-x86_64/egg/setuptools/_vendor/packaging/specifiers.py to specifiers.cpython-39.pyc
byte-compiling build/bdist.linux-x86_64/egg/setuptools/_vendor/packaging/tags.py to tags.cpython-39.pyc
byte-compiling build/bdist.linux-x86_64/egg/setuptools/_vendor/packaging/utils.py to utils.cpython-39.pyc
byte-compiling build/bdist.linux-x86_64/egg/setuptools/_vendor/packaging/version.py to version.cpython-39.pyc
byte-compiling build/bdist.linux-x86_64/egg/setuptools/_vendor/pyparsing.py to pyparsing.cpython-39.pyc
byte-compiling build/bdist.linux-x86_64/egg/setuptools/archive_util.py to archive_util.cpython-39.pyc
byte-compiling build/bdist.linux-x86_64/egg/setuptools/build_meta.py to build_meta.cpython-39.pyc
byte-compiling build/bdist.linux-x86_64/egg/setuptools/command/__init__.py to __init__.cpython-39.pyc
byte-compiling build/bdist.linux-x86_64/egg/setuptools/command/alias.py to alias.cpython-39.pyc
byte-compiling build/bdist.linux-x86_64/egg/setuptools/command/bdist_egg.py to bdist_egg.cpython-39.pyc
byte-compiling build/bdist.linux-x86_64/egg/setuptools/command/bdist_rpm.py to bdist_rpm.cpython-39.pyc
byte-compiling build/bdist.linux-x86_64/egg/setuptools/command/build_clib.py to build_clib.cpython-39.pyc
byte-compiling build/bdist.linux-x86_64/egg/setuptools/command/build_ext.py to build_ext.cpython-39.pyc
byte-compiling build/bdist.linux-x86_64/egg/setuptools/command/build_py.py to build_py.cpython-39.pyc
byte-compiling build/bdist.linux-x86_64/egg/setuptools/command/develop.py to develop.cpython-39.pyc
byte-compiling build/bdist.linux-x86_64/egg/setuptools/command/dist_info.py to dist_info.cpython-39.pyc
byte-compiling build/bdist.linux-x86_64/egg/setuptools/command/easy_install.py to easy_install.cpython-39.pyc
byte-compiling build/bdist.linux-x86_64/egg/setuptools/command/egg_info.py to egg_info.cpython-39.pyc
byte-compiling build/bdist.linux-x86_64/egg/setuptools/command/install.py to install.cpython-39.pyc
byte-compiling build/bdist.linux-x86_64/egg/setuptools/command/install_egg_info.py to install_egg_info.cpython-39.pyc
byte-compiling build/bdist.linux-x86_64/egg/setuptools/command/install_lib.py to install_lib.cpython-39.pyc
byte-compiling build/bdist.linux-x86_64/egg/setuptools/command/install_scripts.py to install_scripts.cpython-39.pyc
byte-compiling build/bdist.linux-x86_64/egg/setuptools/command/py36compat.py to py36compat.cpython-39.pyc
byte-compiling build/bdist.linux-x86_64/egg/setuptools/command/register.py to register.cpython-39.pyc
byte-compiling build/bdist.linux-x86_64/egg/setuptools/command/rotate.py to rotate.cpython-39.pyc
byte-compiling build/bdist.linux-x86_64/egg/setuptools/command/saveopts.py to saveopts.cpython-39.pyc
byte-compiling build/bdist.linux-x86_64/egg/setuptools/command/sdist.py to sdist.cpython-39.pyc
byte-compiling build/bdist.linux-x86_64/egg/setuptools/command/setopt.py to setopt.cpython-39.pyc
byte-compiling build/bdist.linux-x86_64/egg/setuptools/command/test.py to test.cpython-39.pyc
byte-compiling build/bdist.linux-x86_64/egg/setuptools/command/upload.py to upload.cpython-39.pyc
byte-compiling build/bdist.linux-x86_64/egg/setuptools/command/upload_docs.py to upload_docs.cpython-39.pyc
byte-compiling build/bdist.linux-x86_64/egg/setuptools/config.py to config.cpython-39.pyc
byte-compiling build/bdist.linux-x86_64/egg/setuptools/dep_util.py to dep_util.cpython-39.pyc
byte-compiling build/bdist.linux-x86_64/egg/setuptools/depends.py to depends.cpython-39.pyc
byte-compiling build/bdist.linux-x86_64/egg/setuptools/dist.py to dist.cpython-39.pyc
byte-compiling build/bdist.linux-x86_64/egg/setuptools/errors.py to errors.cpython-39.pyc
byte-compiling build/bdist.linux-x86_64/egg/setuptools/extension.py to extension.cpython-39.pyc
byte-compiling build/bdist.linux-x86_64/egg/setuptools/extern/__init__.py to __init__.cpython-39.pyc
byte-compiling build/bdist.linux-x86_64/egg/setuptools/glob.py to glob.cpython-39.pyc
byte-compiling build/bdist.linux-x86_64/egg/setuptools/installer.py to installer.cpython-39.pyc
byte-compiling build/bdist.linux-x86_64/egg/setuptools/launch.py to launch.cpython-39.pyc
byte-compiling build/bdist.linux-x86_64/egg/setuptools/logging.py to logging.cpython-39.pyc
byte-compiling build/bdist.linux-x86_64/egg/setuptools/monkey.py to monkey.cpython-39.pyc
byte-compiling build/bdist.linux-x86_64/egg/setuptools/msvc.py to msvc.cpython-39.pyc
byte-compiling build/bdist.linux-x86_64/egg/setuptools/namespaces.py to namespaces.cpython-39.pyc
byte-compiling build/bdist.linux-x86_64/egg/setuptools/package_index.py to package_index.cpython-39.pyc
byte-compiling build/bdist.linux-x86_64/egg/setuptools/py34compat.py to py34compat.cpython-39.pyc
byte-compiling build/bdist.linux-x86_64/egg/setuptools/sandbox.py to sandbox.cpython-39.pyc
byte-compiling build/bdist.linux-x86_64/egg/setuptools/unicode_utils.py to unicode_utils.cpython-39.pyc
byte-compiling build/bdist.linux-x86_64/egg/setuptools/version.py to version.cpython-39.pyc
byte-compiling build/bdist.linux-x86_64/egg/setuptools/wheel.py to wheel.cpython-39.pyc
byte-compiling build/bdist.linux-x86_64/egg/setuptools/windows_support.py to windows_support.cpython-39.pyc
creating build/bdist.linux-x86_64/egg/EGG-INFO
copying setuptools.egg-info/PKG-INFO -> build/bdist.linux-x86_64/egg/EGG-INFO
copying setuptools.egg-info/SOURCES.txt -> build/bdist.linux-x86_64/egg/EGG-INFO
copying setuptools.egg-info/dependency_links.txt -> build/bdist.linux-x86_64/egg/EGG-INFO
copying setuptools.egg-info/entry_points.txt -> build/bdist.linux-x86_64/egg/EGG-INFO
copying setuptools.egg-info/requires.txt -> build/bdist.linux-x86_64/egg/EGG-INFO
copying setuptools.egg-info/top_level.txt -> build/bdist.linux-x86_64/egg/EGG-INFO
zip_safe flag not set; analyzing archive contents...
_distutils_hack.__pycache__.__init__.cpython-39: module references __file__
pkg_resources.__pycache__.__init__.cpython-39: module references __file__
pkg_resources.__pycache__.__init__.cpython-39: module references __path__
setuptools._distutils.__pycache__.dist.cpython-39: module references __file__
setuptools._distutils.command.__pycache__.bdist_wininst.cpython-39: module references __file__
setuptools.command.__pycache__.install.cpython-39: module MAY be using inspect.getframeinfo
setuptools.command.__pycache__.install.cpython-39: module MAY be using inspect.getouterframes
setuptools.command.__pycache__.setopt.cpython-39: module references __file__
setuptools.command.__pycache__.test.cpython-39: module references __path__
creating dist
removing 'build/bdist.linux-x86_64/egg' (and everything under it)
creating /src/packages/.artifacts/lib/python/setuptools-60.3.1-py3.9.egg
Extracting setuptools-60.3.1-py3.9.egg to /src/packages/.artifacts/lib/python
byte-compiling /src/packages/.artifacts/lib/python/setuptools-60.3.1-py3.9.egg/_distutils_hack/__init__.py to __init__.cpython-39.pyc
byte-compiling /src/packages/.artifacts/lib/python/setuptools-60.3.1-py3.9.egg/_distutils_hack/override.py to override.cpython-39.pyc
byte-compiling /src/packages/.artifacts/lib/python/setuptools-60.3.1-py3.9.egg/pkg_resources/__init__.py to __init__.cpython-39.pyc
byte-compiling /src/packages/.artifacts/lib/python/setuptools-60.3.1-py3.9.egg/pkg_resources/_vendor/__init__.py to __init__.cpython-39.pyc
byte-compiling /src/packages/.artifacts/lib/python/setuptools-60.3.1-py3.9.egg/pkg_resources/_vendor/appdirs.py to appdirs.cpython-39.pyc
byte-compiling /src/packages/.artifacts/lib/python/setuptools-60.3.1-py3.9.egg/pkg_resources/_vendor/pyparsing.py to pyparsing.cpython-39.pyc
byte-compiling /src/packages/.artifacts/lib/python/setuptools-60.3.1-py3.9.egg/pkg_resources/_vendor/packaging/__about__.py to __about__.cpython-39.pyc
byte-compiling /src/packages/.artifacts/lib/python/setuptools-60.3.1-py3.9.egg/pkg_resources/_vendor/packaging/__init__.py to __init__.cpython-39.pyc
byte-compiling /src/packages/.artifacts/lib/python/setuptools-60.3.1-py3.9.egg/pkg_resources/_vendor/packaging/_manylinux.py to _manylinux.cpython-39.pyc
byte-compiling /src/packages/.artifacts/lib/python/setuptools-60.3.1-py3.9.egg/pkg_resources/_vendor/packaging/_musllinux.py to _musllinux.cpython-39.pyc
byte-compiling /src/packages/.artifacts/lib/python/setuptools-60.3.1-py3.9.egg/pkg_resources/_vendor/packaging/_structures.py to _structures.cpython-39.pyc
byte-compiling /src/packages/.artifacts/lib/python/setuptools-60.3.1-py3.9.egg/pkg_resources/_vendor/packaging/markers.py to markers.cpython-39.pyc
byte-compiling /src/packages/.artifacts/lib/python/setuptools-60.3.1-py3.9.egg/pkg_resources/_vendor/packaging/requirements.py to requirements.cpython-39.pyc
byte-compiling /src/packages/.artifacts/lib/python/setuptools-60.3.1-py3.9.egg/pkg_resources/_vendor/packaging/specifiers.py to specifiers.cpython-39.pyc
byte-compiling /src/packages/.artifacts/lib/python/setuptools-60.3.1-py3.9.egg/pkg_resources/_vendor/packaging/tags.py to tags.cpython-39.pyc
byte-compiling /src/packages/.artifacts/lib/python/setuptools-60.3.1-py3.9.egg/pkg_resources/_vendor/packaging/utils.py to utils.cpython-39.pyc
byte-compiling /src/packages/.artifacts/lib/python/setuptools-60.3.1-py3.9.egg/pkg_resources/_vendor/packaging/version.py to version.cpython-39.pyc
byte-compiling /src/packages/.artifacts/lib/python/setuptools-60.3.1-py3.9.egg/pkg_resources/extern/__init__.py to __init__.cpython-39.pyc
byte-compiling /src/packages/.artifacts/lib/python/setuptools-60.3.1-py3.9.egg/pkg_resources/tests/data/my-test-package-source/setup.py to setup.cpython-39.pyc
byte-compiling /src/packages/.artifacts/lib/python/setuptools-60.3.1-py3.9.egg/setuptools/__init__.py to __init__.cpython-39.pyc
byte-compiling /src/packages/.artifacts/lib/python/setuptools-60.3.1-py3.9.egg/setuptools/_deprecation_warning.py to _deprecation_warning.cpython-39.pyc
byte-compiling /src/packages/.artifacts/lib/python/setuptools-60.3.1-py3.9.egg/setuptools/_imp.py to _imp.cpython-39.pyc
byte-compiling /src/packages/.artifacts/lib/python/setuptools-60.3.1-py3.9.egg/setuptools/archive_util.py to archive_util.cpython-39.pyc
byte-compiling /src/packages/.artifacts/lib/python/setuptools-60.3.1-py3.9.egg/setuptools/build_meta.py to build_meta.cpython-39.pyc
byte-compiling /src/packages/.artifacts/lib/python/setuptools-60.3.1-py3.9.egg/setuptools/config.py to config.cpython-39.pyc
byte-compiling /src/packages/.artifacts/lib/python/setuptools-60.3.1-py3.9.egg/setuptools/dep_util.py to dep_util.cpython-39.pyc
byte-compiling /src/packages/.artifacts/lib/python/setuptools-60.3.1-py3.9.egg/setuptools/depends.py to depends.cpython-39.pyc
byte-compiling /src/packages/.artifacts/lib/python/setuptools-60.3.1-py3.9.egg/setuptools/dist.py to dist.cpython-39.pyc
byte-compiling /src/packages/.artifacts/lib/python/setuptools-60.3.1-py3.9.egg/setuptools/errors.py to errors.cpython-39.pyc
byte-compiling /src/packages/.artifacts/lib/python/setuptools-60.3.1-py3.9.egg/setuptools/extension.py to extension.cpython-39.pyc
byte-compiling /src/packages/.artifacts/lib/python/setuptools-60.3.1-py3.9.egg/setuptools/glob.py to glob.cpython-39.pyc
byte-compiling /src/packages/.artifacts/lib/python/setuptools-60.3.1-py3.9.egg/setuptools/installer.py to installer.cpython-39.pyc
byte-compiling /src/packages/.artifacts/lib/python/setuptools-60.3.1-py3.9.egg/setuptools/launch.py to launch.cpython-39.pyc
byte-compiling /src/packages/.artifacts/lib/python/setuptools-60.3.1-py3.9.egg/setuptools/logging.py to logging.cpython-39.pyc
byte-compiling /src/packages/.artifacts/lib/python/setuptools-60.3.1-py3.9.egg/setuptools/monkey.py to monkey.cpython-39.pyc
byte-compiling /src/packages/.artifacts/lib/python/setuptools-60.3.1-py3.9.egg/setuptools/msvc.py to msvc.cpython-39.pyc
byte-compiling /src/packages/.artifacts/lib/python/setuptools-60.3.1-py3.9.egg/setuptools/namespaces.py to namespaces.cpython-39.pyc
byte-compiling /src/packages/.artifacts/lib/python/setuptools-60.3.1-py3.9.egg/setuptools/package_index.py to package_index.cpython-39.pyc
byte-compiling /src/packages/.artifacts/lib/python/setuptools-60.3.1-py3.9.egg/setuptools/py34compat.py to py34compat.cpython-39.pyc
byte-compiling /src/packages/.artifacts/lib/python/setuptools-60.3.1-py3.9.egg/setuptools/sandbox.py to sandbox.cpython-39.pyc
byte-compiling /src/packages/.artifacts/lib/python/setuptools-60.3.1-py3.9.egg/setuptools/unicode_utils.py to unicode_utils.cpython-39.pyc
byte-compiling /src/packages/.artifacts/lib/python/setuptools-60.3.1-py3.9.egg/setuptools/version.py to version.cpython-39.pyc
byte-compiling /src/packages/.artifacts/lib/python/setuptools-60.3.1-py3.9.egg/setuptools/wheel.py to wheel.cpython-39.pyc
byte-compiling /src/packages/.artifacts/lib/python/setuptools-60.3.1-py3.9.egg/setuptools/windows_support.py to windows_support.cpython-39.pyc
byte-compiling /src/packages/.artifacts/lib/python/setuptools-60.3.1-py3.9.egg/setuptools/_distutils/__init__.py to __init__.cpython-39.pyc
byte-compiling /src/packages/.artifacts/lib/python/setuptools-60.3.1-py3.9.egg/setuptools/_distutils/_collections.py to _collections.cpython-39.pyc
byte-compiling /src/packages/.artifacts/lib/python/setuptools-60.3.1-py3.9.egg/setuptools/_distutils/_msvccompiler.py to _msvccompiler.cpython-39.pyc
byte-compiling /src/packages/.artifacts/lib/python/setuptools-60.3.1-py3.9.egg/setuptools/_distutils/archive_util.py to archive_util.cpython-39.pyc
byte-compiling /src/packages/.artifacts/lib/python/setuptools-60.3.1-py3.9.egg/setuptools/_distutils/bcppcompiler.py to bcppcompiler.cpython-39.pyc
byte-compiling /src/packages/.artifacts/lib/python/setuptools-60.3.1-py3.9.egg/setuptools/_distutils/ccompiler.py to ccompiler.cpython-39.pyc
byte-compiling /src/packages/.artifacts/lib/python/setuptools-60.3.1-py3.9.egg/setuptools/_distutils/cmd.py to cmd.cpython-39.pyc
byte-compiling /src/packages/.artifacts/lib/python/setuptools-60.3.1-py3.9.egg/setuptools/_distutils/config.py to config.cpython-39.pyc
byte-compiling /src/packages/.artifacts/lib/python/setuptools-60.3.1-py3.9.egg/setuptools/_distutils/core.py to core.cpython-39.pyc
byte-compiling /src/packages/.artifacts/lib/python/setuptools-60.3.1-py3.9.egg/setuptools/_distutils/cygwinccompiler.py to cygwinccompiler.cpython-39.pyc
byte-compiling /src/packages/.artifacts/lib/python/setuptools-60.3.1-py3.9.egg/setuptools/_distutils/debug.py to debug.cpython-39.pyc
byte-compiling /src/packages/.artifacts/lib/python/setuptools-60.3.1-py3.9.egg/setuptools/_distutils/dep_util.py to dep_util.cpython-39.pyc
byte-compiling /src/packages/.artifacts/lib/python/setuptools-60.3.1-py3.9.egg/setuptools/_distutils/dir_util.py to dir_util.cpython-39.pyc
byte-compiling /src/packages/.artifacts/lib/python/setuptools-60.3.1-py3.9.egg/setuptools/_distutils/dist.py to dist.cpython-39.pyc
byte-compiling /src/packages/.artifacts/lib/python/setuptools-60.3.1-py3.9.egg/setuptools/_distutils/errors.py to errors.cpython-39.pyc
byte-compiling /src/packages/.artifacts/lib/python/setuptools-60.3.1-py3.9.egg/setuptools/_distutils/extension.py to extension.cpython-39.pyc
byte-compiling /src/packages/.artifacts/lib/python/setuptools-60.3.1-py3.9.egg/setuptools/_distutils/fancy_getopt.py to fancy_getopt.cpython-39.pyc
byte-compiling /src/packages/.artifacts/lib/python/setuptools-60.3.1-py3.9.egg/setuptools/_distutils/file_util.py to file_util.cpython-39.pyc
byte-compiling /src/packages/.artifacts/lib/python/setuptools-60.3.1-py3.9.egg/setuptools/_distutils/filelist.py to filelist.cpython-39.pyc
byte-compiling /src/packages/.artifacts/lib/python/setuptools-60.3.1-py3.9.egg/setuptools/_distutils/log.py to log.cpython-39.pyc
byte-compiling /src/packages/.artifacts/lib/python/setuptools-60.3.1-py3.9.egg/setuptools/_distutils/msvc9compiler.py to msvc9compiler.cpython-39.pyc
byte-compiling /src/packages/.artifacts/lib/python/setuptools-60.3.1-py3.9.egg/setuptools/_distutils/msvccompiler.py to msvccompiler.cpython-39.pyc
byte-compiling /src/packages/.artifacts/lib/python/setuptools-60.3.1-py3.9.egg/setuptools/_distutils/py35compat.py to py35compat.cpython-39.pyc
byte-compiling /src/packages/.artifacts/lib/python/setuptools-60.3.1-py3.9.egg/setuptools/_distutils/py38compat.py to py38compat.cpython-39.pyc
byte-compiling /src/packages/.artifacts/lib/python/setuptools-60.3.1-py3.9.egg/setuptools/_distutils/spawn.py to spawn.cpython-39.pyc
byte-compiling /src/packages/.artifacts/lib/python/setuptools-60.3.1-py3.9.egg/setuptools/_distutils/sysconfig.py to sysconfig.cpython-39.pyc
byte-compiling /src/packages/.artifacts/lib/python/setuptools-60.3.1-py3.9.egg/setuptools/_distutils/text_file.py to text_file.cpython-39.pyc
byte-compiling /src/packages/.artifacts/lib/python/setuptools-60.3.1-py3.9.egg/setuptools/_distutils/unixccompiler.py to unixccompiler.cpython-39.pyc
byte-compiling /src/packages/.artifacts/lib/python/setuptools-60.3.1-py3.9.egg/setuptools/_distutils/util.py to util.cpython-39.pyc
byte-compiling /src/packages/.artifacts/lib/python/setuptools-60.3.1-py3.9.egg/setuptools/_distutils/version.py to version.cpython-39.pyc
byte-compiling /src/packages/.artifacts/lib/python/setuptools-60.3.1-py3.9.egg/setuptools/_distutils/versionpredicate.py to versionpredicate.cpython-39.pyc
byte-compiling /src/packages/.artifacts/lib/python/setuptools-60.3.1-py3.9.egg/setuptools/_distutils/command/__init__.py to __init__.cpython-39.pyc
byte-compiling /src/packages/.artifacts/lib/python/setuptools-60.3.1-py3.9.egg/setuptools/_distutils/command/bdist.py to bdist.cpython-39.pyc
byte-compiling /src/packages/.artifacts/lib/python/setuptools-60.3.1-py3.9.egg/setuptools/_distutils/command/bdist_dumb.py to bdist_dumb.cpython-39.pyc
byte-compiling /src/packages/.artifacts/lib/python/setuptools-60.3.1-py3.9.egg/setuptools/_distutils/command/bdist_msi.py to bdist_msi.cpython-39.pyc
byte-compiling /src/packages/.artifacts/lib/python/setuptools-60.3.1-py3.9.egg/setuptools/_distutils/command/bdist_rpm.py to bdist_rpm.cpython-39.pyc
byte-compiling /src/packages/.artifacts/lib/python/setuptools-60.3.1-py3.9.egg/setuptools/_distutils/command/bdist_wininst.py to bdist_wininst.cpython-39.pyc
byte-compiling /src/packages/.artifacts/lib/python/setuptools-60.3.1-py3.9.egg/setuptools/_distutils/command/build.py to build.cpython-39.pyc
byte-compiling /src/packages/.artifacts/lib/python/setuptools-60.3.1-py3.9.egg/setuptools/_distutils/command/build_clib.py to build_clib.cpython-39.pyc
byte-compiling /src/packages/.artifacts/lib/python/setuptools-60.3.1-py3.9.egg/setuptools/_distutils/command/build_ext.py to build_ext.cpython-39.pyc
byte-compiling /src/packages/.artifacts/lib/python/setuptools-60.3.1-py3.9.egg/setuptools/_distutils/command/build_py.py to build_py.cpython-39.pyc
byte-compiling /src/packages/.artifacts/lib/python/setuptools-60.3.1-py3.9.egg/setuptools/_distutils/command/build_scripts.py to build_scripts.cpython-39.pyc
byte-compiling /src/packages/.artifacts/lib/python/setuptools-60.3.1-py3.9.egg/setuptools/_distutils/command/check.py to check.cpython-39.pyc
byte-compiling /src/packages/.artifacts/lib/python/setuptools-60.3.1-py3.9.egg/setuptools/_distutils/command/clean.py to clean.cpython-39.pyc
byte-compiling /src/packages/.artifacts/lib/python/setuptools-60.3.1-py3.9.egg/setuptools/_distutils/command/config.py to config.cpython-39.pyc
byte-compiling /src/packages/.artifacts/lib/python/setuptools-60.3.1-py3.9.egg/setuptools/_distutils/command/install.py to install.cpython-39.pyc
byte-compiling /src/packages/.artifacts/lib/python/setuptools-60.3.1-py3.9.egg/setuptools/_distutils/command/install_data.py to install_data.cpython-39.pyc
byte-compiling /src/packages/.artifacts/lib/python/setuptools-60.3.1-py3.9.egg/setuptools/_distutils/command/install_egg_info.py to install_egg_info.cpython-39.pyc
byte-compiling /src/packages/.artifacts/lib/python/setuptools-60.3.1-py3.9.egg/setuptools/_distutils/command/install_headers.py to install_headers.cpython-39.pyc
byte-compiling /src/packages/.artifacts/lib/python/setuptools-60.3.1-py3.9.egg/setuptools/_distutils/command/install_lib.py to install_lib.cpython-39.pyc
byte-compiling /src/packages/.artifacts/lib/python/setuptools-60.3.1-py3.9.egg/setuptools/_distutils/command/install_scripts.py to install_scripts.cpython-39.pyc
byte-compiling /src/packages/.artifacts/lib/python/setuptools-60.3.1-py3.9.egg/setuptools/_distutils/command/py37compat.py to py37compat.cpython-39.pyc
byte-compiling /src/packages/.artifacts/lib/python/setuptools-60.3.1-py3.9.egg/setuptools/_distutils/command/register.py to register.cpython-39.pyc
byte-compiling /src/packages/.artifacts/lib/python/setuptools-60.3.1-py3.9.egg/setuptools/_distutils/command/sdist.py to sdist.cpython-39.pyc
byte-compiling /src/packages/.artifacts/lib/python/setuptools-60.3.1-py3.9.egg/setuptools/_distutils/command/upload.py to upload.cpython-39.pyc
byte-compiling /src/packages/.artifacts/lib/python/setuptools-60.3.1-py3.9.egg/setuptools/_vendor/__init__.py to __init__.cpython-39.pyc
byte-compiling /src/packages/.artifacts/lib/python/setuptools-60.3.1-py3.9.egg/setuptools/_vendor/ordered_set.py to ordered_set.cpython-39.pyc
byte-compiling /src/packages/.artifacts/lib/python/setuptools-60.3.1-py3.9.egg/setuptools/_vendor/pyparsing.py to pyparsing.cpython-39.pyc
byte-compiling /src/packages/.artifacts/lib/python/setuptools-60.3.1-py3.9.egg/setuptools/_vendor/more_itertools/__init__.py to __init__.cpython-39.pyc
byte-compiling /src/packages/.artifacts/lib/python/setuptools-60.3.1-py3.9.egg/setuptools/_vendor/more_itertools/more.py to more.cpython-39.pyc
byte-compiling /src/packages/.artifacts/lib/python/setuptools-60.3.1-py3.9.egg/setuptools/_vendor/more_itertools/recipes.py to recipes.cpython-39.pyc
byte-compiling /src/packages/.artifacts/lib/python/setuptools-60.3.1-py3.9.egg/setuptools/_vendor/packaging/__about__.py to __about__.cpython-39.pyc
byte-compiling /src/packages/.artifacts/lib/python/setuptools-60.3.1-py3.9.egg/setuptools/_vendor/packaging/__init__.py to __init__.cpython-39.pyc
byte-compiling /src/packages/.artifacts/lib/python/setuptools-60.3.1-py3.9.egg/setuptools/_vendor/packaging/_manylinux.py to _manylinux.cpython-39.pyc
byte-compiling /src/packages/.artifacts/lib/python/setuptools-60.3.1-py3.9.egg/setuptools/_vendor/packaging/_musllinux.py to _musllinux.cpython-39.pyc
byte-compiling /src/packages/.artifacts/lib/python/setuptools-60.3.1-py3.9.egg/setuptools/_vendor/packaging/_structures.py to _structures.cpython-39.pyc
byte-compiling /src/packages/.artifacts/lib/python/setuptools-60.3.1-py3.9.egg/setuptools/_vendor/packaging/markers.py to markers.cpython-39.pyc
byte-compiling /src/packages/.artifacts/lib/python/setuptools-60.3.1-py3.9.egg/setuptools/_vendor/packaging/requirements.py to requirements.cpython-39.pyc
byte-compiling /src/packages/.artifacts/lib/python/setuptools-60.3.1-py3.9.egg/setuptools/_vendor/packaging/specifiers.py to specifiers.cpython-39.pyc
byte-compiling /src/packages/.artifacts/lib/python/setuptools-60.3.1-py3.9.egg/setuptools/_vendor/packaging/tags.py to tags.cpython-39.pyc
byte-compiling /src/packages/.artifacts/lib/python/setuptools-60.3.1-py3.9.egg/setuptools/_vendor/packaging/utils.py to utils.cpython-39.pyc
byte-compiling /src/packages/.artifacts/lib/python/setuptools-60.3.1-py3.9.egg/setuptools/_vendor/packaging/version.py to version.cpython-39.pyc
byte-compiling /src/packages/.artifacts/lib/python/setuptools-60.3.1-py3.9.egg/setuptools/command/__init__.py to __init__.cpython-39.pyc
byte-compiling /src/packages/.artifacts/lib/python/setuptools-60.3.1-py3.9.egg/setuptools/command/alias.py to alias.cpython-39.pyc
byte-compiling /src/packages/.artifacts/lib/python/setuptools-60.3.1-py3.9.egg/setuptools/command/bdist_egg.py to bdist_egg.cpython-39.pyc
byte-compiling /src/packages/.artifacts/lib/python/setuptools-60.3.1-py3.9.egg/setuptools/command/bdist_rpm.py to bdist_rpm.cpython-39.pyc
byte-compiling /src/packages/.artifacts/lib/python/setuptools-60.3.1-py3.9.egg/setuptools/command/build_clib.py to build_clib.cpython-39.pyc
byte-compiling /src/packages/.artifacts/lib/python/setuptools-60.3.1-py3.9.egg/setuptools/command/build_ext.py to build_ext.cpython-39.pyc
byte-compiling /src/packages/.artifacts/lib/python/setuptools-60.3.1-py3.9.egg/setuptools/command/build_py.py to build_py.cpython-39.pyc
byte-compiling /src/packages/.artifacts/lib/python/setuptools-60.3.1-py3.9.egg/setuptools/command/develop.py to develop.cpython-39.pyc
byte-compiling /src/packages/.artifacts/lib/python/setuptools-60.3.1-py3.9.egg/setuptools/command/dist_info.py to dist_info.cpython-39.pyc
byte-compiling /src/packages/.artifacts/lib/python/setuptools-60.3.1-py3.9.egg/setuptools/command/easy_install.py to easy_install.cpython-39.pyc
byte-compiling /src/packages/.artifacts/lib/python/setuptools-60.3.1-py3.9.egg/setuptools/command/egg_info.py to egg_info.cpython-39.pyc
byte-compiling /src/packages/.artifacts/lib/python/setuptools-60.3.1-py3.9.egg/setuptools/command/install.py to install.cpython-39.pyc
byte-compiling /src/packages/.artifacts/lib/python/setuptools-60.3.1-py3.9.egg/setuptools/command/install_egg_info.py to install_egg_info.cpython-39.pyc
byte-compiling /src/packages/.artifacts/lib/python/setuptools-60.3.1-py3.9.egg/setuptools/command/install_lib.py to install_lib.cpython-39.pyc
byte-compiling /src/packages/.artifacts/lib/python/setuptools-60.3.1-py3.9.egg/setuptools/command/install_scripts.py to install_scripts.cpython-39.pyc
byte-compiling /src/packages/.artifacts/lib/python/setuptools-60.3.1-py3.9.egg/setuptools/command/py36compat.py to py36compat.cpython-39.pyc
byte-compiling /src/packages/.artifacts/lib/python/setuptools-60.3.1-py3.9.egg/setuptools/command/register.py to register.cpython-39.pyc
byte-compiling /src/packages/.artifacts/lib/python/setuptools-60.3.1-py3.9.egg/setuptools/command/rotate.py to rotate.cpython-39.pyc
byte-compiling /src/packages/.artifacts/lib/python/setuptools-60.3.1-py3.9.egg/setuptools/command/saveopts.py to saveopts.cpython-39.pyc
byte-compiling /src/packages/.artifacts/lib/python/setuptools-60.3.1-py3.9.egg/setuptools/command/sdist.py to sdist.cpython-39.pyc
byte-compiling /src/packages/.artifacts/lib/python/setuptools-60.3.1-py3.9.egg/setuptools/command/setopt.py to setopt.cpython-39.pyc
byte-compiling /src/packages/.artifacts/lib/python/setuptools-60.3.1-py3.9.egg/setuptools/command/test.py to test.cpython-39.pyc
byte-compiling /src/packages/.artifacts/lib/python/setuptools-60.3.1-py3.9.egg/setuptools/command/upload.py to upload.cpython-39.pyc
byte-compiling /src/packages/.artifacts/lib/python/setuptools-60.3.1-py3.9.egg/setuptools/command/upload_docs.py to upload_docs.cpython-39.pyc
byte-compiling /src/packages/.artifacts/lib/python/setuptools-60.3.1-py3.9.egg/setuptools/extern/__init__.py to __init__.cpython-39.pyc
Adding setuptools 60.3.1 to easy-install.pth file

Installed /src/packages/.artifacts/lib/python/setuptools-60.3.1-py3.9.egg
Processing dependencies for setuptools==60.3.1
Finished processing dependencies for setuptools==60.3.1
running install
/src/packages/setuptools/build/setuptools-60.3.1/setuptools/command/install.py:34: SetuptoolsDeprecationWarning: setup.py install is deprecated. Use build and pip and other standards-based tools.
  warnings.warn(
running install_lib
creating install
creating install/lib
creating install/lib/python3.9
creating install/lib/python3.9/site-packages
creating install/lib/python3.9/site-packages/_distutils_hack
creating install/lib/python3.9/site-packages/pkg_resources
creating install/lib/python3.9/site-packages/pkg_resources/_vendor
creating install/lib/python3.9/site-packages/pkg_resources/_vendor/packaging
creating install/lib/python3.9/site-packages/pkg_resources/extern
creating install/lib/python3.9/site-packages/pkg_resources/tests
creating install/lib/python3.9/site-packages/pkg_resources/tests/data
creating install/lib/python3.9/site-packages/pkg_resources/tests/data/my-test-package-source
creating install/lib/python3.9/site-packages/setuptools
creating install/lib/python3.9/site-packages/setuptools/_distutils
creating install/lib/python3.9/site-packages/setuptools/_distutils/command
creating install/lib/python3.9/site-packages/setuptools/_vendor
creating install/lib/python3.9/site-packages/setuptools/_vendor/more_itertools
creating install/lib/python3.9/site-packages/setuptools/_vendor/packaging
creating install/lib/python3.9/site-packages/setuptools/command
creating install/lib/python3.9/site-packages/setuptools/extern
byte-compiling install/lib/python3.9/site-packages/_distutils_hack/__init__.py to __init__.cpython-39.pyc
byte-compiling install/lib/python3.9/site-packages/_distutils_hack/override.py to override.cpython-39.pyc
byte-compiling install/lib/python3.9/site-packages/pkg_resources/__init__.py to __init__.cpython-39.pyc
byte-compiling install/lib/python3.9/site-packages/pkg_resources/_vendor/__init__.py to __init__.cpython-39.pyc
byte-compiling install/lib/python3.9/site-packages/pkg_resources/_vendor/appdirs.py to appdirs.cpython-39.pyc
byte-compiling install/lib/python3.9/site-packages/pkg_resources/_vendor/packaging/__about__.py to __about__.cpython-39.pyc
byte-compiling install/lib/python3.9/site-packages/pkg_resources/_vendor/packaging/__init__.py to __init__.cpython-39.pyc
byte-compiling install/lib/python3.9/site-packages/pkg_resources/_vendor/packaging/_manylinux.py to _manylinux.cpython-39.pyc
byte-compiling install/lib/python3.9/site-packages/pkg_resources/_vendor/packaging/_musllinux.py to _musllinux.cpython-39.pyc
byte-compiling install/lib/python3.9/site-packages/pkg_resources/_vendor/packaging/_structures.py to _structures.cpython-39.pyc
byte-compiling install/lib/python3.9/site-packages/pkg_resources/_vendor/packaging/markers.py to markers.cpython-39.pyc
byte-compiling install/lib/python3.9/site-packages/pkg_resources/_vendor/packaging/requirements.py to requirements.cpython-39.pyc
byte-compiling install/lib/python3.9/site-packages/pkg_resources/_vendor/packaging/specifiers.py to specifiers.cpython-39.pyc
byte-compiling install/lib/python3.9/site-packages/pkg_resources/_vendor/packaging/tags.py to tags.cpython-39.pyc
byte-compiling install/lib/python3.9/site-packages/pkg_resources/_vendor/packaging/utils.py to utils.cpython-39.pyc
byte-compiling install/lib/python3.9/site-packages/pkg_resources/_vendor/packaging/version.py to version.cpython-39.pyc
byte-compiling install/lib/python3.9/site-packages/pkg_resources/_vendor/pyparsing.py to pyparsing.cpython-39.pyc
byte-compiling install/lib/python3.9/site-packages/pkg_resources/extern/__init__.py to __init__.cpython-39.pyc
byte-compiling install/lib/python3.9/site-packages/pkg_resources/tests/data/my-test-package-source/setup.py to setup.cpython-39.pyc
byte-compiling install/lib/python3.9/site-packages/setuptools/__init__.py to __init__.cpython-39.pyc
byte-compiling install/lib/python3.9/site-packages/setuptools/_deprecation_warning.py to _deprecation_warning.cpython-39.pyc
byte-compiling install/lib/python3.9/site-packages/setuptools/_distutils/__init__.py to __init__.cpython-39.pyc
byte-compiling install/lib/python3.9/site-packages/setuptools/_distutils/_collections.py to _collections.cpython-39.pyc
byte-compiling install/lib/python3.9/site-packages/setuptools/_distutils/_msvccompiler.py to _msvccompiler.cpython-39.pyc
byte-compiling install/lib/python3.9/site-packages/setuptools/_distutils/archive_util.py to archive_util.cpython-39.pyc
byte-compiling install/lib/python3.9/site-packages/setuptools/_distutils/bcppcompiler.py to bcppcompiler.cpython-39.pyc
byte-compiling install/lib/python3.9/site-packages/setuptools/_distutils/ccompiler.py to ccompiler.cpython-39.pyc
byte-compiling install/lib/python3.9/site-packages/setuptools/_distutils/cmd.py to cmd.cpython-39.pyc
byte-compiling install/lib/python3.9/site-packages/setuptools/_distutils/command/__init__.py to __init__.cpython-39.pyc
byte-compiling install/lib/python3.9/site-packages/setuptools/_distutils/command/bdist.py to bdist.cpython-39.pyc
byte-compiling install/lib/python3.9/site-packages/setuptools/_distutils/command/bdist_dumb.py to bdist_dumb.cpython-39.pyc
byte-compiling install/lib/python3.9/site-packages/setuptools/_distutils/command/bdist_msi.py to bdist_msi.cpython-39.pyc
byte-compiling install/lib/python3.9/site-packages/setuptools/_distutils/command/bdist_rpm.py to bdist_rpm.cpython-39.pyc
byte-compiling install/lib/python3.9/site-packages/setuptools/_distutils/command/bdist_wininst.py to bdist_wininst.cpython-39.pyc
byte-compiling install/lib/python3.9/site-packages/setuptools/_distutils/command/build.py to build.cpython-39.pyc
byte-compiling install/lib/python3.9/site-packages/setuptools/_distutils/command/build_clib.py to build_clib.cpython-39.pyc
byte-compiling install/lib/python3.9/site-packages/setuptools/_distutils/command/build_ext.py to build_ext.cpython-39.pyc
byte-compiling install/lib/python3.9/site-packages/setuptools/_distutils/command/build_py.py to build_py.cpython-39.pyc
byte-compiling install/lib/python3.9/site-packages/setuptools/_distutils/command/build_scripts.py to build_scripts.cpython-39.pyc
byte-compiling install/lib/python3.9/site-packages/setuptools/_distutils/command/check.py to check.cpython-39.pyc
byte-compiling install/lib/python3.9/site-packages/setuptools/_distutils/command/clean.py to clean.cpython-39.pyc
byte-compiling install/lib/python3.9/site-packages/setuptools/_distutils/command/config.py to config.cpython-39.pyc
byte-compiling install/lib/python3.9/site-packages/setuptools/_distutils/command/install.py to install.cpython-39.pyc
byte-compiling install/lib/python3.9/site-packages/setuptools/_distutils/command/install_data.py to install_data.cpython-39.pyc
byte-compiling install/lib/python3.9/site-packages/setuptools/_distutils/command/install_egg_info.py to install_egg_info.cpython-39.pyc
byte-compiling install/lib/python3.9/site-packages/setuptools/_distutils/command/install_headers.py to install_headers.cpython-39.pyc
byte-compiling install/lib/python3.9/site-packages/setuptools/_distutils/command/install_lib.py to install_lib.cpython-39.pyc
byte-compiling install/lib/python3.9/site-packages/setuptools/_distutils/command/install_scripts.py to install_scripts.cpython-39.pyc
byte-compiling install/lib/python3.9/site-packages/setuptools/_distutils/command/py37compat.py to py37compat.cpython-39.pyc
byte-compiling install/lib/python3.9/site-packages/setuptools/_distutils/command/register.py to register.cpython-39.pyc
byte-compiling install/lib/python3.9/site-packages/setuptools/_distutils/command/sdist.py to sdist.cpython-39.pyc
byte-compiling install/lib/python3.9/site-packages/setuptools/_distutils/command/upload.py to upload.cpython-39.pyc
byte-compiling install/lib/python3.9/site-packages/setuptools/_distutils/config.py to config.cpython-39.pyc
byte-compiling install/lib/python3.9/site-packages/setuptools/_distutils/core.py to core.cpython-39.pyc
byte-compiling install/lib/python3.9/site-packages/setuptools/_distutils/cygwinccompiler.py to cygwinccompiler.cpython-39.pyc
byte-compiling install/lib/python3.9/site-packages/setuptools/_distutils/debug.py to debug.cpython-39.pyc
byte-compiling install/lib/python3.9/site-packages/setuptools/_distutils/dep_util.py to dep_util.cpython-39.pyc
byte-compiling install/lib/python3.9/site-packages/setuptools/_distutils/dir_util.py to dir_util.cpython-39.pyc
byte-compiling install/lib/python3.9/site-packages/setuptools/_distutils/dist.py to dist.cpython-39.pyc
byte-compiling install/lib/python3.9/site-packages/setuptools/_distutils/errors.py to errors.cpython-39.pyc
byte-compiling install/lib/python3.9/site-packages/setuptools/_distutils/extension.py to extension.cpython-39.pyc
byte-compiling install/lib/python3.9/site-packages/setuptools/_distutils/fancy_getopt.py to fancy_getopt.cpython-39.pyc
byte-compiling install/lib/python3.9/site-packages/setuptools/_distutils/file_util.py to file_util.cpython-39.pyc
byte-compiling install/lib/python3.9/site-packages/setuptools/_distutils/filelist.py to filelist.cpython-39.pyc
byte-compiling install/lib/python3.9/site-packages/setuptools/_distutils/log.py to log.cpython-39.pyc
byte-compiling install/lib/python3.9/site-packages/setuptools/_distutils/msvc9compiler.py to msvc9compiler.cpython-39.pyc
byte-compiling install/lib/python3.9/site-packages/setuptools/_distutils/msvccompiler.py to msvccompiler.cpython-39.pyc
byte-compiling install/lib/python3.9/site-packages/setuptools/_distutils/py35compat.py to py35compat.cpython-39.pyc
byte-compiling install/lib/python3.9/site-packages/setuptools/_distutils/py38compat.py to py38compat.cpython-39.pyc
byte-compiling install/lib/python3.9/site-packages/setuptools/_distutils/spawn.py to spawn.cpython-39.pyc
byte-compiling install/lib/python3.9/site-packages/setuptools/_distutils/sysconfig.py to sysconfig.cpython-39.pyc
byte-compiling install/lib/python3.9/site-packages/setuptools/_distutils/text_file.py to text_file.cpython-39.pyc
byte-compiling install/lib/python3.9/site-packages/setuptools/_distutils/unixccompiler.py to unixccompiler.cpython-39.pyc
byte-compiling install/lib/python3.9/site-packages/setuptools/_distutils/util.py to util.cpython-39.pyc
byte-compiling install/lib/python3.9/site-packages/setuptools/_distutils/version.py to version.cpython-39.pyc
byte-compiling install/lib/python3.9/site-packages/setuptools/_distutils/versionpredicate.py to versionpredicate.cpython-39.pyc
byte-compiling install/lib/python3.9/site-packages/setuptools/_imp.py to _imp.cpython-39.pyc
byte-compiling install/lib/python3.9/site-packages/setuptools/_vendor/__init__.py to __init__.cpython-39.pyc
byte-compiling install/lib/python3.9/site-packages/setuptools/_vendor/more_itertools/__init__.py to __init__.cpython-39.pyc
byte-compiling install/lib/python3.9/site-packages/setuptools/_vendor/more_itertools/more.py to more.cpython-39.pyc
byte-compiling install/lib/python3.9/site-packages/setuptools/_vendor/more_itertools/recipes.py to recipes.cpython-39.pyc
byte-compiling install/lib/python3.9/site-packages/setuptools/_vendor/ordered_set.py to ordered_set.cpython-39.pyc
byte-compiling install/lib/python3.9/site-packages/setuptools/_vendor/packaging/__about__.py to __about__.cpython-39.pyc
byte-compiling install/lib/python3.9/site-packages/setuptools/_vendor/packaging/__init__.py to __init__.cpython-39.pyc
byte-compiling install/lib/python3.9/site-packages/setuptools/_vendor/packaging/_manylinux.py to _manylinux.cpython-39.pyc
byte-compiling install/lib/python3.9/site-packages/setuptools/_vendor/packaging/_musllinux.py to _musllinux.cpython-39.pyc
byte-compiling install/lib/python3.9/site-packages/setuptools/_vendor/packaging/_structures.py to _structures.cpython-39.pyc
byte-compiling install/lib/python3.9/site-packages/setuptools/_vendor/packaging/markers.py to markers.cpython-39.pyc
byte-compiling install/lib/python3.9/site-packages/setuptools/_vendor/packaging/requirements.py to requirements.cpython-39.pyc
byte-compiling install/lib/python3.9/site-packages/setuptools/_vendor/packaging/specifiers.py to specifiers.cpython-39.pyc
byte-compiling install/lib/python3.9/site-packages/setuptools/_vendor/packaging/tags.py to tags.cpython-39.pyc
byte-compiling install/lib/python3.9/site-packages/setuptools/_vendor/packaging/utils.py to utils.cpython-39.pyc
byte-compiling install/lib/python3.9/site-packages/setuptools/_vendor/packaging/version.py to version.cpython-39.pyc
byte-compiling install/lib/python3.9/site-packages/setuptools/_vendor/pyparsing.py to pyparsing.cpython-39.pyc
byte-compiling install/lib/python3.9/site-packages/setuptools/archive_util.py to archive_util.cpython-39.pyc
byte-compiling install/lib/python3.9/site-packages/setuptools/build_meta.py to build_meta.cpython-39.pyc
byte-compiling install/lib/python3.9/site-packages/setuptools/command/__init__.py to __init__.cpython-39.pyc
byte-compiling install/lib/python3.9/site-packages/setuptools/command/alias.py to alias.cpython-39.pyc
byte-compiling install/lib/python3.9/site-packages/setuptools/command/bdist_egg.py to bdist_egg.cpython-39.pyc
byte-compiling install/lib/python3.9/site-packages/setuptools/command/bdist_rpm.py to bdist_rpm.cpython-39.pyc
byte-compiling install/lib/python3.9/site-packages/setuptools/command/build_clib.py to build_clib.cpython-39.pyc
byte-compiling install/lib/python3.9/site-packages/setuptools/command/build_ext.py to build_ext.cpython-39.pyc
byte-compiling install/lib/python3.9/site-packages/setuptools/command/build_py.py to build_py.cpython-39.pyc
byte-compiling install/lib/python3.9/site-packages/setuptools/command/develop.py to develop.cpython-39.pyc
byte-compiling install/lib/python3.9/site-packages/setuptools/command/dist_info.py to dist_info.cpython-39.pyc
byte-compiling install/lib/python3.9/site-packages/setuptools/command/easy_install.py to easy_install.cpython-39.pyc
byte-compiling install/lib/python3.9/site-packages/setuptools/command/egg_info.py to egg_info.cpython-39.pyc
byte-compiling install/lib/python3.9/site-packages/setuptools/command/install.py to install.cpython-39.pyc
byte-compiling install/lib/python3.9/site-packages/setuptools/command/install_egg_info.py to install_egg_info.cpython-39.pyc
byte-compiling install/lib/python3.9/site-packages/setuptools/command/install_lib.py to install_lib.cpython-39.pyc
byte-compiling install/lib/python3.9/site-packages/setuptools/command/install_scripts.py to install_scripts.cpython-39.pyc
byte-compiling install/lib/python3.9/site-packages/setuptools/command/py36compat.py to py36compat.cpython-39.pyc
byte-compiling install/lib/python3.9/site-packages/setuptools/command/register.py to register.cpython-39.pyc
byte-compiling install/lib/python3.9/site-packages/setuptools/command/rotate.py to rotate.cpython-39.pyc
byte-compiling install/lib/python3.9/site-packages/setuptools/command/saveopts.py to saveopts.cpython-39.pyc
byte-compiling install/lib/python3.9/site-packages/setuptools/command/sdist.py to sdist.cpython-39.pyc
byte-compiling install/lib/python3.9/site-packages/setuptools/command/setopt.py to setopt.cpython-39.pyc
byte-compiling install/lib/python3.9/site-packages/setuptools/command/test.py to test.cpython-39.pyc
byte-compiling install/lib/python3.9/site-packages/setuptools/command/upload.py to upload.cpython-39.pyc
byte-compiling install/lib/python3.9/site-packages/setuptools/command/upload_docs.py to upload_docs.cpython-39.pyc
byte-compiling install/lib/python3.9/site-packages/setuptools/config.py to config.cpython-39.pyc
byte-compiling install/lib/python3.9/site-packages/setuptools/dep_util.py to dep_util.cpython-39.pyc
byte-compiling install/lib/python3.9/site-packages/setuptools/depends.py to depends.cpython-39.pyc
byte-compiling install/lib/python3.9/site-packages/setuptools/dist.py to dist.cpython-39.pyc
byte-compiling install/lib/python3.9/site-packages/setuptools/errors.py to errors.cpython-39.pyc
byte-compiling install/lib/python3.9/site-packages/setuptools/extension.py to extension.cpython-39.pyc
byte-compiling install/lib/python3.9/site-packages/setuptools/extern/__init__.py to __init__.cpython-39.pyc
byte-compiling install/lib/python3.9/site-packages/setuptools/glob.py to glob.cpython-39.pyc
byte-compiling install/lib/python3.9/site-packages/setuptools/installer.py to installer.cpython-39.pyc
byte-compiling install/lib/python3.9/site-packages/setuptools/launch.py to launch.cpython-39.pyc
byte-compiling install/lib/python3.9/site-packages/setuptools/logging.py to logging.cpython-39.pyc
byte-compiling install/lib/python3.9/site-packages/setuptools/monkey.py to monkey.cpython-39.pyc
byte-compiling install/lib/python3.9/site-packages/setuptools/msvc.py to msvc.cpython-39.pyc
byte-compiling install/lib/python3.9/site-packages/setuptools/namespaces.py to namespaces.cpython-39.pyc
byte-compiling install/lib/python3.9/site-packages/setuptools/package_index.py to package_index.cpython-39.pyc
byte-compiling install/lib/python3.9/site-packages/setuptools/py34compat.py to py34compat.cpython-39.pyc
byte-compiling install/lib/python3.9/site-packages/setuptools/sandbox.py to sandbox.cpython-39.pyc
byte-compiling install/lib/python3.9/site-packages/setuptools/unicode_utils.py to unicode_utils.cpython-39.pyc
byte-compiling install/lib/python3.9/site-packages/setuptools/version.py to version.cpython-39.pyc
byte-compiling install/lib/python3.9/site-packages/setuptools/wheel.py to wheel.cpython-39.pyc
byte-compiling install/lib/python3.9/site-packages/setuptools/windows_support.py to windows_support.cpython-39.pyc
running install_egg_info
running egg_info
package init file 'pkg_resources/tests/data/__init__.py' not found (or not a regular file)
package init file 'pkg_resources/tests/data/my-test-package-source/__init__.py' not found (or not a regular file)
package init file 'pkg_resources/tests/data/my-test-package-zip/__init__.py' not found (or not a regular file)
package init file 'pkg_resources/tests/data/my-test-package_unpacked-egg/__init__.py' not found (or not a regular file)
package init file 'pkg_resources/tests/data/my-test-package_zipped-egg/__init__.py' not found (or not a regular file)
package init file 'setuptools/tests/indexes/__init__.py' not found (or not a regular file)
package init file 'setuptools/tests/indexes/test_links_priority/__init__.py' not found (or not a regular file)
package init file 'setuptools/tests/indexes/test_links_priority/simple/__init__.py' not found (or not a regular file)
package init file 'setuptools/tests/indexes/test_links_priority/simple/foobar/__init__.py' not found (or not a regular file)
warning: no files found matching '*.py' under directory 'tests'
warning: no files found matching '*.txt' under directory 'docs'
warning: no files found matching '*.conf' under directory 'docs'
warning: no files found matching '*.css' under directory 'docs'
warning: no files found matching '*.css_t' under directory 'docs'
warning: no files found matching 'Makefile' under directory 'docs'
warning: no files found matching 'indexsidebar.html' under directory 'docs'
writing manifest file 'setuptools.egg-info/SOURCES.txt'
Copying setuptools.egg-info to install/lib/python3.9/site-packages/setuptools-60.3.1-py3.9.egg-info
running install_scripts
Remember to build the main file with  -s FORCE_FILESYSTEM=1  so that it includes support for loading this file package
converting to ArrayBuffer
compressing package of size 2775834
compressed package into 1720956
compressed in 355 ms
(node:41232) [DEP0005] DeprecationWarning: Buffer() is deprecated due to security and usability issues. Please use the Buffer.alloc(), Buffer.allocUnsafe(), or Buffer.from() methods instead.
(Use `node --trace-deprecation ...` to show where the warning was created)
Remember to build the main file with  -s FORCE_FILESYSTEM=1  so that it includes support for loading this file package
converting to ArrayBuffer
compressing package of size 104
compressed package into 4189
compressed in 15 ms
(node:41260) [DEP0005] DeprecationWarning: Buffer() is deprecated due to security and usability issues. Please use the Buffer.alloc(), Buffer.allocUnsafe(), or Buffer.from() methods instead.
(Use `node --trace-deprecation ...` to show where the warning was created)
[2022-05-25 15:12:30] Building package setuptools...
[2022-05-25 15:13:19] Succeeded building package setuptools in 49.4 seconds.
